{"C:\\Users\\user\\Desktop\\Desk t\\Full stack\\phase 4 final\\task-manager-app\\client\\src\\App.tsx": {"path":"C:\\Users\\user\\Desktop\\Desk t\\Full stack\\phase 4 final\\task-manager-app\\client\\src\\App.tsx","statementMap":{"0":{"start":{"line":1,"column":0},"end":{"line":1,"column":44}},"1":{"start":{"line":2,"column":0},"end":{"line":2,"column":90}},"2":{"start":{"line":3,"column":0},"end":{"line":3,"column":26}},"3":{"start":{"line":4,"column":0},"end":{"line":4,"column":19}},"4":{"start":{"line":7,"column":0},"end":{"line":7,"column":40}},"5":{"start":{"line":8,"column":0},"end":{"line":8,"column":60}},"6":{"start":{"line":9,"column":0},"end":{"line":9,"column":54}},"7":{"start":{"line":10,"column":0},"end":{"line":10,"column":39}},"8":{"start":{"line":11,"column":0},"end":{"line":11,"column":45}},"9":{"start":{"line":12,"column":0},"end":{"line":12,"column":52}},"10":{"start":{"line":13,"column":0},"end":{"line":13,"column":57}},"11":{"start":{"line":17,"column":24},"end":{"line":17,"column":62}},"12":{"start":{"line":27,"column":28},"end":{"line":27,"column":48}},"13":{"start":{"line":28,"column":26},"end":{"line":28,"column":53}},"14":{"start":{"line":29,"column":36},"end":{"line":29,"column":59}},"15":{"start":{"line":30,"column":40},"end":{"line":30,"column":51}},"16":{"start":{"line":31,"column":38},"end":{"line":31,"column":49}},"17":{"start":{"line":32,"column":39},"end":{"line":32,"column":51}},"18":{"start":{"line":38,"column":2},"end":{"line":62,"column":9}},"19":{"start":{"line":39,"column":18},"end":{"line":39,"column":47}},"20":{"start":{"line":40,"column":4},"end":{"line":42,"column":5}},"21":{"start":{"line":41,"column":6},"end":{"line":41,"column":73}},"22":{"start":{"line":45,"column":24},"end":{"line":55,"column":null}},"23":{"start":{"line":46,"column":18},"end":{"line":46,"column":26}},"24":{"start":{"line":48,"column":8},"end":{"line":53,"column":9}},"25":{"start":{"line":50,"column":10},"end":{"line":50,"column":43}},"26":{"start":{"line":51,"column":10},"end":{"line":51,"column":64}},"27":{"start":{"line":52,"column":10},"end":{"line":52,"column":24}},"28":{"start":{"line":54,"column":8},"end":{"line":54,"column":37}},"29":{"start":{"line":58,"column":4},"end":{"line":61,"column":6}},"30":{"start":{"line":60,"column":6},"end":{"line":60,"column":53}},"31":{"start":{"line":65,"column":2},"end":{"line":98,"column":9}},"32":{"start":{"line":66,"column":22},"end":{"line":95,"column":6}},"33":{"start":{"line":66,"column":33},"end":{"line":95,"column":6}},"34":{"start":{"line":67,"column":6},"end":{"line":94,"column":7}},"35":{"start":{"line":68,"column":22},"end":{"line":68,"column":51}},"36":{"start":{"line":69,"column":8},"end":{"line":69,"column":27}},"37":{"start":{"line":71,"column":8},"end":{"line":75,"column":9}},"38":{"start":{"line":72,"column":10},"end":{"line":72,"column":24}},"39":{"start":{"line":73,"column":10},"end":{"line":73,"column":30}},"40":{"start":{"line":74,"column":10},"end":{"line":74,"column":17}},"41":{"start":{"line":78,"column":8},"end":{"line":78,"column":75}},"42":{"start":{"line":80,"column":20},"end":{"line":80,"column":72}},"43":{"start":{"line":82,"column":8},"end":{"line":82,"column":53}},"44":{"start":{"line":83,"column":8},"end":{"line":83,"column":26}},"45":{"start":{"line":86,"column":8},"end":{"line":86,"column":21}},"46":{"start":{"line":88,"column":8},"end":{"line":88,"column":53}},"47":{"start":{"line":89,"column":8},"end":{"line":89,"column":41}},"48":{"start":{"line":90,"column":8},"end":{"line":90,"column":62}},"49":{"start":{"line":91,"column":8},"end":{"line":91,"column":22}},"50":{"start":{"line":93,"column":8},"end":{"line":93,"column":28}},"51":{"start":{"line":97,"column":4},"end":{"line":97,"column":16}},"52":{"start":{"line":101,"column":21},"end":{"line":123,"column":4}},"53":{"start":{"line":105,"column":6},"end":{"line":123,"column":4}},"54":{"start":{"line":106,"column":18},"end":{"line":106,"column":47}},"55":{"start":{"line":107,"column":4},"end":{"line":107,"column":23}},"56":{"start":{"line":107,"column":16},"end":{"line":107,"column":23}},"57":{"start":{"line":109,"column":4},"end":{"line":122,"column":5}},"58":{"start":{"line":110,"column":23},"end":{"line":115,"column":8}},"59":{"start":{"line":117,"column":6},"end":{"line":117,"column":36}},"60":{"start":{"line":118,"column":6},"end":{"line":118,"column":46}},"61":{"start":{"line":119,"column":6},"end":{"line":119,"column":41}},"62":{"start":{"line":121,"column":6},"end":{"line":121,"column":75}},"63":{"start":{"line":125,"column":18},"end":{"line":155,"column":4}},"64":{"start":{"line":125,"column":69},"end":{"line":155,"column":4}},"65":{"start":{"line":126,"column":4},"end":{"line":154,"column":5}},"66":{"start":{"line":127,"column":20},"end":{"line":127,"column":49}},"67":{"start":{"line":128,"column":6},"end":{"line":131,"column":7}},"68":{"start":{"line":129,"column":8},"end":{"line":129,"column":77}},"69":{"start":{"line":130,"column":8},"end":{"line":130,"column":15}},"70":{"start":{"line":133,"column":6},"end":{"line":133,"column":46}},"71":{"start":{"line":135,"column":23},"end":{"line":143,"column":null}},"72":{"start":{"line":146,"column":6},"end":{"line":146,"column":63}},"73":{"start":{"line":147,"column":6},"end":{"line":147,"column":59}},"74":{"start":{"line":147,"column":28},"end":{"line":147,"column":57}},"75":{"start":{"line":149,"column":6},"end":{"line":149,"column":49}},"76":{"start":{"line":150,"column":6},"end":{"line":153,"column":7}},"77":{"start":{"line":151,"column":8},"end":{"line":151,"column":67}},"78":{"start":{"line":152,"column":8},"end":{"line":152,"column":71}},"79":{"start":{"line":157,"column":31},"end":{"line":172,"column":4}},"80":{"start":{"line":157,"column":52},"end":{"line":172,"column":4}},"81":{"start":{"line":158,"column":4},"end":{"line":171,"column":5}},"82":{"start":{"line":159,"column":26},"end":{"line":159,"column":61}},"83":{"start":{"line":159,"column":45},"end":{"line":159,"column":60}},"84":{"start":{"line":160,"column":6},"end":{"line":160,"column":31}},"85":{"start":{"line":160,"column":24},"end":{"line":160,"column":31}},"86":{"start":{"line":162,"column":23},"end":{"line":164,"column":8}},"87":{"start":{"line":166,"column":6},"end":{"line":168,"column":9}},"88":{"start":{"line":166,"column":28},"end":{"line":167,"column":null}},"89":{"start":{"line":167,"column":8},"end":{"line":167,"column":46}},"90":{"start":{"line":170,"column":6},"end":{"line":170,"column":62}},"91":{"start":{"line":174,"column":21},"end":{"line":181,"column":4}},"92":{"start":{"line":174,"column":42},"end":{"line":181,"column":4}},"93":{"start":{"line":175,"column":4},"end":{"line":180,"column":5}},"94":{"start":{"line":176,"column":6},"end":{"line":176,"column":66}},"95":{"start":{"line":177,"column":6},"end":{"line":177,"column":71}},"96":{"start":{"line":177,"column":28},"end":{"line":177,"column":69}},"97":{"start":{"line":177,"column":53},"end":{"line":177,"column":68}},"98":{"start":{"line":179,"column":6},"end":{"line":179,"column":51}},"99":{"start":{"line":182,"column":23},"end":{"line":185,"column":3}},"100":{"start":{"line":183,"column":4},"end":{"line":183,"column":24}},"101":{"start":{"line":184,"column":4},"end":{"line":184,"column":28}},"102":{"start":{"line":187,"column":27},"end":{"line":189,"column":3}},"103":{"start":{"line":188,"column":4},"end":{"line":188,"column":37}},"104":{"start":{"line":193,"column":22},"end":{"line":198,"column":4}},"105":{"start":{"line":193,"column":62},"end":{"line":198,"column":4}},"106":{"start":{"line":194,"column":4},"end":{"line":194,"column":41}},"107":{"start":{"line":195,"column":4},"end":{"line":195,"column":71}},"108":{"start":{"line":196,"column":4},"end":{"line":196,"column":22}},"109":{"start":{"line":200,"column":23},"end":{"line":205,"column":3}},"110":{"start":{"line":201,"column":4},"end":{"line":201,"column":37}},"111":{"start":{"line":202,"column":4},"end":{"line":202,"column":58}},"112":{"start":{"line":203,"column":4},"end":{"line":203,"column":18}},"113":{"start":{"line":204,"column":4},"end":{"line":204,"column":17}},"114":{"start":{"line":208,"column":29},"end":{"line":219,"column":3}},"115":{"start":{"line":209,"column":4},"end":{"line":209,"column":25}},"116":{"start":{"line":209,"column":15},"end":{"line":209,"column":25}},"117":{"start":{"line":211,"column":4},"end":{"line":211,"column":36}},"118":{"start":{"line":211,"column":19},"end":{"line":211,"column":36}},"119":{"start":{"line":212,"column":4},"end":{"line":212,"column":44}},"120":{"start":{"line":212,"column":23},"end":{"line":212,"column":44}},"121":{"start":{"line":213,"column":4},"end":{"line":216,"column":5}},"122":{"start":{"line":214,"column":25},"end":{"line":214,"column":46}},"123":{"start":{"line":215,"column":6},"end":{"line":215,"column":54}},"124":{"start":{"line":215,"column":33},"end":{"line":215,"column":54}},"125":{"start":{"line":218,"column":4},"end":{"line":218,"column":18}},"126":{"start":{"line":222,"column":2},"end":{"line":224,"column":3}},"127":{"start":{"line":223,"column":4},"end":{"line":223,"column":53}},"128":{"start":{"line":226,"column":2},"end":{"line":310,"column":4}},"129":{"start":{"line":313,"column":0},"end":{"line":313,"column":19}}},"fnMap":{"0":{"name":"App","decl":{"start":{"line":26,"column":9},"end":{"line":26,"column":12}},"loc":{"start":{"line":26,"column":12},"end":{"line":311,"column":1}}},"1":{"name":"(anonymous_9)","decl":{"start":{"line":38,"column":12},"end":{"line":38,"column":15}},"loc":{"start":{"line":38,"column":17},"end":{"line":62,"column":3}}},"2":{"name":"(anonymous_10)","decl":{"start":{"line":46,"column":6},"end":{"line":46,"column":14}},"loc":{"start":{"line":46,"column":18},"end":{"line":46,"column":26}}},"3":{"name":"(anonymous_11)","decl":{"start":{"line":47,"column":6},"end":{"line":47,"column":11}},"loc":{"start":{"line":47,"column":14},"end":{"line":55,"column":7}}},"4":{"name":"(anonymous_12)","decl":{"start":{"line":58,"column":11},"end":{"line":58,"column":14}},"loc":{"start":{"line":58,"column":16},"end":{"line":61,"column":5}}},"5":{"name":"(anonymous_13)","decl":{"start":{"line":65,"column":12},"end":{"line":65,"column":15}},"loc":{"start":{"line":65,"column":17},"end":{"line":98,"column":3}}},"6":{"name":"(anonymous_14)","decl":{"start":{"line":66,"column":22},"end":{"line":66,"column":31}},"loc":{"start":{"line":66,"column":33},"end":{"line":95,"column":6}}},"7":{"name":"(anonymous_15)","decl":{"start":{"line":66,"column":33},"end":{"line":66,"column":null}},"loc":{"start":{"line":66,"column":33},"end":{"line":95,"column":5}}},"8":{"name":"(anonymous_16)","decl":{"start":{"line":101,"column":21},"end":{"line":101,"column":null}},"loc":{"start":{"line":105,"column":6},"end":{"line":123,"column":4}}},"9":{"name":"(anonymous_17)","decl":{"start":{"line":105,"column":6},"end":{"line":105,"column":null}},"loc":{"start":{"line":104,"column":15},"end":{"line":123,"column":3}}},"10":{"name":"(anonymous_18)","decl":{"start":{"line":125,"column":18},"end":{"line":125,"column":25}},"loc":{"start":{"line":125,"column":69},"end":{"line":155,"column":4}}},"11":{"name":"(anonymous_19)","decl":{"start":{"line":125,"column":69},"end":{"line":125,"column":null}},"loc":{"start":{"line":125,"column":69},"end":{"line":155,"column":3}}},"12":{"name":"(anonymous_20)","decl":{"start":{"line":147,"column":15},"end":{"line":147,"column":24}},"loc":{"start":{"line":147,"column":28},"end":{"line":147,"column":57}}},"13":{"name":"(anonymous_21)","decl":{"start":{"line":157,"column":31},"end":{"line":157,"column":38}},"loc":{"start":{"line":157,"column":52},"end":{"line":172,"column":4}}},"14":{"name":"(anonymous_22)","decl":{"start":{"line":157,"column":52},"end":{"line":157,"column":null}},"loc":{"start":{"line":157,"column":52},"end":{"line":172,"column":3}}},"15":{"name":"(anonymous_23)","decl":{"start":{"line":159,"column":37},"end":{"line":159,"column":41}},"loc":{"start":{"line":159,"column":45},"end":{"line":159,"column":60}}},"16":{"name":"(anonymous_24)","decl":{"start":{"line":166,"column":15},"end":{"line":166,"column":24}},"loc":{"start":{"line":166,"column":28},"end":{"line":167,"column":null}}},"17":{"name":"(anonymous_25)","decl":{"start":{"line":166,"column":42},"end":{"line":166,"column":46}},"loc":{"start":{"line":167,"column":8},"end":{"line":167,"column":46}}},"18":{"name":"(anonymous_26)","decl":{"start":{"line":174,"column":21},"end":{"line":174,"column":28}},"loc":{"start":{"line":174,"column":42},"end":{"line":181,"column":4}}},"19":{"name":"(anonymous_27)","decl":{"start":{"line":174,"column":42},"end":{"line":174,"column":null}},"loc":{"start":{"line":174,"column":42},"end":{"line":181,"column":3}}},"20":{"name":"(anonymous_28)","decl":{"start":{"line":177,"column":15},"end":{"line":177,"column":24}},"loc":{"start":{"line":177,"column":28},"end":{"line":177,"column":69}}},"21":{"name":"(anonymous_29)","decl":{"start":{"line":177,"column":45},"end":{"line":177,"column":49}},"loc":{"start":{"line":177,"column":53},"end":{"line":177,"column":68}}},"22":{"name":"(anonymous_30)","decl":{"start":{"line":182,"column":23},"end":{"line":182,"column":24}},"loc":{"start":{"line":182,"column":40},"end":{"line":185,"column":3}}},"23":{"name":"(anonymous_31)","decl":{"start":{"line":187,"column":27},"end":{"line":187,"column":28}},"loc":{"start":{"line":187,"column":44},"end":{"line":189,"column":3}}},"24":{"name":"(anonymous_32)","decl":{"start":{"line":193,"column":22},"end":{"line":193,"column":29}},"loc":{"start":{"line":193,"column":62},"end":{"line":198,"column":4}}},"25":{"name":"(anonymous_33)","decl":{"start":{"line":193,"column":62},"end":{"line":193,"column":null}},"loc":{"start":{"line":193,"column":62},"end":{"line":198,"column":3}}},"26":{"name":"(anonymous_34)","decl":{"start":{"line":200,"column":23},"end":{"line":200,"column":26}},"loc":{"start":{"line":200,"column":28},"end":{"line":205,"column":3}}},"27":{"name":"(anonymous_35)","decl":{"start":{"line":208,"column":29},"end":{"line":208,"column":40}},"loc":{"start":{"line":208,"column":42},"end":{"line":219,"column":3}}}},"branchMap":{"0":{"loc":{"start":{"line":40,"column":4},"end":{"line":42,"column":5}},"type":"if","locations":[{"start":{"line":40,"column":4},"end":{"line":42,"column":5}}]},"1":{"loc":{"start":{"line":48,"column":8},"end":{"line":53,"column":9}},"type":"if","locations":[{"start":{"line":48,"column":8},"end":{"line":53,"column":9}}]},"2":{"loc":{"start":{"line":48,"column":12},"end":{"line":48,"column":34}},"type":"cond-expr","locations":[{"start":{"line":48,"column":26},"end":{"line":48,"column":28}},{"start":{"line":48,"column":26},"end":{"line":48,"column":34}}]},"3":{"loc":{"start":{"line":48,"column":12},"end":{"line":48,"column":28}},"type":"binary-expr","locations":[{"start":{"line":48,"column":12},"end":{"line":48,"column":28}},{"start":{"line":48,"column":26},"end":{"line":48,"column":28}}]},"4":{"loc":{"start":{"line":71,"column":8},"end":{"line":75,"column":9}},"type":"if","locations":[{"start":{"line":71,"column":8},"end":{"line":75,"column":9}}]},"5":{"loc":{"start":{"line":102,"column":4},"end":{"line":102,"column":12}},"type":"default-arg","locations":[{"start":{"line":102,"column":11},"end":{"line":102,"column":12}}]},"6":{"loc":{"start":{"line":103,"column":4},"end":{"line":103,"column":14}},"type":"default-arg","locations":[{"start":{"line":103,"column":12},"end":{"line":103,"column":14}}]},"7":{"loc":{"start":{"line":104,"column":4},"end":{"line":104,"column":15}},"type":"default-arg","locations":[{"start":{"line":104,"column":13},"end":{"line":104,"column":15}}]},"8":{"loc":{"start":{"line":107,"column":4},"end":{"line":107,"column":23}},"type":"if","locations":[{"start":{"line":107,"column":4},"end":{"line":107,"column":23}}]},"9":{"loc":{"start":{"line":128,"column":6},"end":{"line":131,"column":7}},"type":"if","locations":[{"start":{"line":128,"column":6},"end":{"line":131,"column":7}}]},"10":{"loc":{"start":{"line":128,"column":10},"end":{"line":128,"column":25}},"type":"binary-expr","locations":[{"start":{"line":128,"column":10},"end":{"line":128,"column":16}},{"start":{"line":128,"column":20},"end":{"line":128,"column":25}}]},"11":{"loc":{"start":{"line":150,"column":6},"end":{"line":153,"column":7}},"type":"if","locations":[{"start":{"line":150,"column":6},"end":{"line":153,"column":7}}]},"12":{"loc":{"start":{"line":160,"column":6},"end":{"line":160,"column":31}},"type":"if","locations":[{"start":{"line":160,"column":6},"end":{"line":160,"column":31}}]},"13":{"loc":{"start":{"line":167,"column":8},"end":{"line":167,"column":46}},"type":"cond-expr","locations":[{"start":{"line":167,"column":26},"end":{"line":167,"column":39}},{"start":{"line":167,"column":42},"end":{"line":167,"column":46}}]},"14":{"loc":{"start":{"line":209,"column":4},"end":{"line":209,"column":25}},"type":"if","locations":[{"start":{"line":209,"column":4},"end":{"line":209,"column":25}}]},"15":{"loc":{"start":{"line":211,"column":4},"end":{"line":211,"column":36}},"type":"if","locations":[{"start":{"line":211,"column":4},"end":{"line":211,"column":36}}]},"16":{"loc":{"start":{"line":212,"column":4},"end":{"line":212,"column":44}},"type":"if","locations":[{"start":{"line":212,"column":4},"end":{"line":212,"column":44}}]},"17":{"loc":{"start":{"line":213,"column":4},"end":{"line":216,"column":5}},"type":"if","locations":[{"start":{"line":213,"column":4},"end":{"line":216,"column":5}}]},"18":{"loc":{"start":{"line":215,"column":6},"end":{"line":215,"column":54}},"type":"if","locations":[{"start":{"line":215,"column":6},"end":{"line":215,"column":54}}]},"19":{"loc":{"start":{"line":222,"column":2},"end":{"line":224,"column":3}},"type":"if","locations":[{"start":{"line":222,"column":2},"end":{"line":224,"column":3}}]},"20":{"loc":{"start":{"line":235,"column":13},"end":{"line":236,"column":null}},"type":"binary-expr","locations":[{"start":{"line":235,"column":13},"end":{"line":235,"column":35}},{"start":{"line":236,"column":13},"end":{"line":236,"column":58}}]},"21":{"loc":{"start":{"line":235,"column":13},"end":{"line":235,"column":23}},"type":"cond-expr","locations":[{"start":{"line":235,"column":17},"end":{"line":235,"column":19}},{"start":{"line":235,"column":13},"end":{"line":235,"column":23}}]},"22":{"loc":{"start":{"line":235,"column":13},"end":{"line":235,"column":19}},"type":"binary-expr","locations":[{"start":{"line":235,"column":13},"end":{"line":235,"column":19}},{"start":{"line":235,"column":13},"end":{"line":235,"column":19}}]},"23":{"loc":{"start":{"line":239,"column":13},"end":{"line":252,"column":null}},"type":"cond-expr","locations":[{"start":{"line":240,"column":14},"end":{"line":242,"column":null}},{"start":{"line":245,"column":14},"end":{"line":251,"column":null}}]},"24":{"loc":{"start":{"line":293,"column":12},"end":{"line":295,"column":65}},"type":"cond-expr","locations":[{"start":{"line":294,"column":16},"end":{"line":294,"column":43}},{"start":{"line":295,"column":16},"end":{"line":295,"column":65}}]},"25":{"loc":{"start":{"line":298,"column":12},"end":{"line":300,"column":28}},"type":"cond-expr","locations":[{"start":{"line":299,"column":16},"end":{"line":299,"column":43}},{"start":{"line":300,"column":16},"end":{"line":300,"column":28}}]},"26":{"loc":{"start":{"line":303,"column":84},"end":{"line":303,"column":94}},"type":"cond-expr","locations":[{"start":{"line":303,"column":88},"end":{"line":303,"column":90}},{"start":{"line":303,"column":84},"end":{"line":303,"column":94}}]},"27":{"loc":{"start":{"line":303,"column":84},"end":{"line":303,"column":90}},"type":"binary-expr","locations":[{"start":{"line":303,"column":84},"end":{"line":303,"column":90}},{"start":{"line":303,"column":84},"end":{"line":303,"column":90}}]}},"s":{"0":2,"1":2,"2":2,"3":2,"4":2,"5":2,"6":2,"7":2,"8":2,"9":2,"10":2,"11":2,"12":10,"13":10,"14":10,"15":10,"16":10,"17":10,"18":10,"19":5,"20":5,"21":3,"22":5,"23":0,"24":0,"25":0,"26":0,"27":0,"28":0,"29":5,"30":5,"31":10,"32":5,"33":5,"34":5,"35":5,"36":5,"37":5,"38":2,"39":2,"40":2,"41":3,"42":3,"43":2,"44":2,"45":2,"46":0,"47":0,"48":0,"49":0,"50":4,"51":5,"52":10,"53":2,"54":2,"55":2,"56":0,"57":2,"58":2,"59":2,"60":2,"61":2,"62":0,"63":10,"64":0,"65":0,"66":0,"67":0,"68":0,"69":0,"70":0,"71":0,"72":0,"73":0,"74":0,"75":0,"76":0,"77":0,"78":0,"79":10,"80":0,"81":0,"82":0,"83":0,"84":0,"85":0,"86":0,"87":0,"88":0,"89":0,"90":0,"91":10,"92":0,"93":0,"94":0,"95":0,"96":0,"97":0,"98":0,"99":10,"100":0,"101":0,"102":10,"103":0,"104":10,"105":0,"106":0,"107":0,"108":0,"109":10,"110":1,"111":1,"112":1,"113":1,"114":10,"115":2,"116":0,"117":2,"118":2,"119":0,"120":0,"121":0,"122":0,"123":0,"124":0,"125":0,"126":10,"127":5,"128":5,"129":2},"f":{"0":10,"1":5,"2":0,"3":0,"4":5,"5":5,"6":5,"7":5,"8":2,"9":2,"10":0,"11":0,"12":0,"13":0,"14":0,"15":0,"16":0,"17":0,"18":0,"19":0,"20":0,"21":0,"22":0,"23":0,"24":0,"25":0,"26":1,"27":2},"b":{"0":[3],"1":[0],"2":[0,0],"3":[0,0],"4":[2],"5":[2],"6":[2],"7":[2],"8":[0],"9":[0],"10":[0,0],"11":[0],"12":[0],"13":[0,0],"14":[0],"15":[2],"16":[0],"17":[0],"18":[0],"19":[5],"20":[5,0],"21":[3,2],"22":[5,2],"23":[3,2],"24":[2,3],"25":[2,3],"26":[3,2],"27":[5,2]}}
,"C:\\Users\\user\\Desktop\\Desk t\\Full stack\\phase 4 final\\task-manager-app\\client\\src\\components\\Login.tsx": {"path":"C:\\Users\\user\\Desktop\\Desk t\\Full stack\\phase 4 final\\task-manager-app\\client\\src\\components\\Login.tsx","statementMap":{"0":{"start":{"line":1,"column":0},"end":{"line":1,"column":33}},"1":{"start":{"line":2,"column":0},"end":{"line":2,"column":47}},"2":{"start":{"line":3,"column":0},"end":{"line":3,"column":26}},"3":{"start":{"line":18,"column":14},"end":{"line":83,"column":1}},"4":{"start":{"line":19,"column":28},"end":{"line":19,"column":40}},"5":{"start":{"line":20,"column":34},"end":{"line":20,"column":46}},"6":{"start":{"line":21,"column":28},"end":{"line":21,"column":40}},"7":{"start":{"line":22,"column":36},"end":{"line":22,"column":51}},"8":{"start":{"line":24,"column":19},"end":{"line":24,"column":32}},"9":{"start":{"line":26,"column":23},"end":{"line":50,"column":4}},"10":{"start":{"line":26,"column":52},"end":{"line":50,"column":4}},"11":{"start":{"line":27,"column":4},"end":{"line":27,"column":23}},"12":{"start":{"line":28,"column":4},"end":{"line":28,"column":23}},"13":{"start":{"line":29,"column":4},"end":{"line":29,"column":17}},"14":{"start":{"line":31,"column":4},"end":{"line":49,"column":5}},"15":{"start":{"line":32,"column":23},"end":{"line":35,"column":8}},"16":{"start":{"line":37,"column":40},"end":{"line":37,"column":53}},"17":{"start":{"line":40,"column":6},"end":{"line":40,"column":31}},"18":{"start":{"line":43,"column":6},"end":{"line":43,"column":20}},"19":{"start":{"line":45,"column":6},"end":{"line":45,"column":41}},"20":{"start":{"line":46,"column":6},"end":{"line":46,"column":75}},"21":{"start":{"line":48,"column":6},"end":{"line":48,"column":26}},"22":{"start":{"line":52,"column":2},"end":{"line":82,"column":4}},"23":{"start":{"line":63,"column":29},"end":{"line":63,"column":53}},"24":{"start":{"line":73,"column":29},"end":{"line":73,"column":56}},"25":{"start":{"line":85,"column":0},"end":{"line":85,"column":21}}},"fnMap":{"0":{"name":"(anonymous_8)","decl":{"start":{"line":18,"column":14},"end":{"line":18,"column":15}},"loc":{"start":{"line":18,"column":51},"end":{"line":83,"column":1}}},"1":{"name":"(anonymous_9)","decl":{"start":{"line":26,"column":23},"end":{"line":26,"column":30}},"loc":{"start":{"line":26,"column":52},"end":{"line":50,"column":4}}},"2":{"name":"(anonymous_10)","decl":{"start":{"line":26,"column":52},"end":{"line":26,"column":null}},"loc":{"start":{"line":26,"column":52},"end":{"line":50,"column":3}}},"3":{"name":"(anonymous_11)","decl":{"start":{"line":63,"column":22},"end":{"line":63,"column":23}},"loc":{"start":{"line":63,"column":29},"end":{"line":63,"column":53}}},"4":{"name":"(anonymous_12)","decl":{"start":{"line":73,"column":22},"end":{"line":73,"column":23}},"loc":{"start":{"line":73,"column":29},"end":{"line":73,"column":56}}}},"branchMap":{"0":{"loc":{"start":{"line":46,"column":15},"end":{"line":46,"column":73}},"type":"binary-expr","locations":[{"start":{"line":46,"column":15},"end":{"line":46,"column":42}},{"start":{"line":46,"column":46},"end":{"line":46,"column":73}}]},"1":{"loc":{"start":{"line":46,"column":15},"end":{"line":46,"column":42}},"type":"cond-expr","locations":[{"start":{"line":46,"column":33},"end":{"line":46,"column":35}},{"start":{"line":46,"column":33},"end":{"line":46,"column":42}}]},"2":{"loc":{"start":{"line":46,"column":15},"end":{"line":46,"column":35}},"type":"binary-expr","locations":[{"start":{"line":46,"column":15},"end":{"line":46,"column":35}},{"start":{"line":46,"column":33},"end":{"line":46,"column":35}}]},"3":{"loc":{"start":{"line":46,"column":15},"end":{"line":46,"column":33}},"type":"cond-expr","locations":[{"start":{"line":46,"column":27},"end":{"line":46,"column":29}},{"start":{"line":46,"column":27},"end":{"line":46,"column":33}}]},"4":{"loc":{"start":{"line":46,"column":15},"end":{"line":46,"column":29}},"type":"binary-expr","locations":[{"start":{"line":46,"column":15},"end":{"line":46,"column":29}},{"start":{"line":46,"column":27},"end":{"line":46,"column":29}}]},"5":{"loc":{"start":{"line":55,"column":7},"end":{"line":55,"column":73}},"type":"binary-expr","locations":[{"start":{"line":55,"column":7},"end":{"line":55,"column":12}},{"start":{"line":55,"column":16},"end":{"line":55,"column":73}}]},"6":{"loc":{"start":{"line":78,"column":11},"end":{"line":78,"column":48}},"type":"cond-expr","locations":[{"start":{"line":78,"column":23},"end":{"line":78,"column":38}},{"start":{"line":78,"column":41},"end":{"line":78,"column":48}}]}},"s":{"0":4,"1":4,"2":4,"3":4,"4":27,"5":27,"6":27,"7":27,"8":27,"9":27,"10":4,"11":4,"12":4,"13":4,"14":4,"15":4,"16":2,"17":2,"18":2,"19":2,"20":2,"21":4,"22":27,"23":5,"24":5,"25":4},"f":{"0":27,"1":4,"2":4,"3":5,"4":5},"b":{"0":[2,0],"1":[0,2],"2":[2,2],"3":[0,2],"4":[2,2],"5":[27,2],"6":[4,23]}}
,"C:\\Users\\user\\Desktop\\Desk t\\Full stack\\phase 4 final\\task-manager-app\\client\\src\\components\\Pagination.tsx": {"path":"C:\\Users\\user\\Desktop\\Desk t\\Full stack\\phase 4 final\\task-manager-app\\client\\src\\components\\Pagination.tsx","statementMap":{"0":{"start":{"line":9,"column":46},"end":{"line":33,"column":1}},"1":{"start":{"line":10,"column":2},"end":{"line":32,"column":4}},"2":{"start":{"line":14,"column":23},"end":{"line":14,"column":52}},"3":{"start":{"line":26,"column":23},"end":{"line":26,"column":52}},"4":{"start":{"line":35,"column":0},"end":{"line":35,"column":26}}},"fnMap":{"0":{"name":"(anonymous_0)","decl":{"start":{"line":9,"column":46},"end":{"line":9,"column":47}},"loc":{"start":{"line":9,"column":92},"end":{"line":33,"column":1}}},"1":{"name":"(anonymous_1)","decl":{"start":{"line":14,"column":17},"end":{"line":14,"column":20}},"loc":{"start":{"line":14,"column":23},"end":{"line":14,"column":52}}},"2":{"name":"(anonymous_2)","decl":{"start":{"line":26,"column":17},"end":{"line":26,"column":20}},"loc":{"start":{"line":26,"column":23},"end":{"line":26,"column":52}}}},"branchMap":{},"s":{"0":4,"1":14,"2":0,"3":0,"4":4},"f":{"0":14,"1":0,"2":0},"b":{}}
,"C:\\Users\\user\\Desktop\\Desk t\\Full stack\\phase 4 final\\task-manager-app\\client\\src\\components\\ProtectedRoute.tsx": {"path":"C:\\Users\\user\\Desktop\\Desk t\\Full stack\\phase 4 final\\task-manager-app\\client\\src\\components\\ProtectedRoute.tsx","statementMap":{"0":{"start":{"line":2,"column":0},"end":{"line":2,"column":44}},"1":{"start":{"line":12,"column":23},"end":{"line":27,"column":1}},"2":{"start":{"line":18,"column":2},"end":{"line":20,"column":3}},"3":{"start":{"line":19,"column":4},"end":{"line":19,"column":44}},"4":{"start":{"line":22,"column":2},"end":{"line":24,"column":3}},"5":{"start":{"line":23,"column":4},"end":{"line":23,"column":39}},"6":{"start":{"line":26,"column":2},"end":{"line":26,"column":18}},"7":{"start":{"line":29,"column":0},"end":{"line":29,"column":30}}},"fnMap":{"0":{"name":"(anonymous_0)","decl":{"start":{"line":12,"column":23},"end":{"line":12,"column":24}},"loc":{"start":{"line":17,"column":26},"end":{"line":27,"column":1}}}},"branchMap":{"0":{"loc":{"start":{"line":18,"column":2},"end":{"line":20,"column":3}},"type":"if","locations":[{"start":{"line":18,"column":2},"end":{"line":20,"column":3}}]},"1":{"loc":{"start":{"line":22,"column":2},"end":{"line":24,"column":3}},"type":"if","locations":[{"start":{"line":22,"column":2},"end":{"line":24,"column":3}}]},"2":{"loc":{"start":{"line":22,"column":6},"end":{"line":22,"column":47}},"type":"binary-expr","locations":[{"start":{"line":22,"column":6},"end":{"line":22,"column":18}},{"start":{"line":22,"column":22},"end":{"line":22,"column":47}}]}},"s":{"0":3,"1":3,"2":6,"3":3,"4":3,"5":0,"6":3,"7":3},"f":{"0":6},"b":{"0":[3],"1":[0],"2":[3,0]}}
,"C:\\Users\\user\\Desktop\\Desk t\\Full stack\\phase 4 final\\task-manager-app\\client\\src\\components\\Register.tsx": {"path":"C:\\Users\\user\\Desktop\\Desk t\\Full stack\\phase 4 final\\task-manager-app\\client\\src\\components\\Register.tsx","statementMap":{"0":{"start":{"line":1,"column":0},"end":{"line":1,"column":33}},"1":{"start":{"line":2,"column":0},"end":{"line":2,"column":26}},"2":{"start":{"line":3,"column":0},"end":{"line":3,"column":47}},"3":{"start":{"line":5,"column":15},"end":{"line":54,"column":1}},"4":{"start":{"line":6,"column":28},"end":{"line":6,"column":40}},"5":{"start":{"line":7,"column":34},"end":{"line":7,"column":46}},"6":{"start":{"line":8,"column":26},"end":{"line":8,"column":38}},"7":{"start":{"line":9,"column":19},"end":{"line":9,"column":32}},"8":{"start":{"line":10,"column":28},"end":{"line":10,"column":40}},"9":{"start":{"line":12,"column":25},"end":{"line":24,"column":4}},"10":{"start":{"line":12,"column":54},"end":{"line":24,"column":4}},"11":{"start":{"line":13,"column":4},"end":{"line":13,"column":23}},"12":{"start":{"line":14,"column":4},"end":{"line":23,"column":5}},"13":{"start":{"line":15,"column":6},"end":{"line":19,"column":9}},"14":{"start":{"line":20,"column":6},"end":{"line":20,"column":25}},"15":{"start":{"line":22,"column":6},"end":{"line":22,"column":69}},"16":{"start":{"line":26,"column":2},"end":{"line":53,"column":4}},"17":{"start":{"line":33,"column":24},"end":{"line":33,"column":47}},"18":{"start":{"line":40,"column":23},"end":{"line":40,"column":47}},"19":{"start":{"line":47,"column":23},"end":{"line":47,"column":50}},"20":{"start":{"line":56,"column":0},"end":{"line":56,"column":22}}},"fnMap":{"0":{"name":"(anonymous_8)","decl":{"start":{"line":5,"column":15},"end":{"line":5,"column":18}},"loc":{"start":{"line":5,"column":20},"end":{"line":54,"column":1}}},"1":{"name":"(anonymous_9)","decl":{"start":{"line":12,"column":25},"end":{"line":12,"column":32}},"loc":{"start":{"line":12,"column":54},"end":{"line":24,"column":4}}},"2":{"name":"(anonymous_10)","decl":{"start":{"line":12,"column":54},"end":{"line":12,"column":null}},"loc":{"start":{"line":12,"column":54},"end":{"line":24,"column":3}}},"3":{"name":"(anonymous_11)","decl":{"start":{"line":33,"column":19},"end":{"line":33,"column":20}},"loc":{"start":{"line":33,"column":24},"end":{"line":33,"column":47}}},"4":{"name":"(anonymous_12)","decl":{"start":{"line":40,"column":18},"end":{"line":40,"column":19}},"loc":{"start":{"line":40,"column":23},"end":{"line":40,"column":47}}},"5":{"name":"(anonymous_13)","decl":{"start":{"line":47,"column":18},"end":{"line":47,"column":19}},"loc":{"start":{"line":47,"column":23},"end":{"line":47,"column":50}}}},"branchMap":{"0":{"loc":{"start":{"line":22,"column":15},"end":{"line":22,"column":67}},"type":"binary-expr","locations":[{"start":{"line":22,"column":15},"end":{"line":22,"column":42}},{"start":{"line":22,"column":46},"end":{"line":22,"column":67}}]},"1":{"loc":{"start":{"line":22,"column":15},"end":{"line":22,"column":42}},"type":"cond-expr","locations":[{"start":{"line":22,"column":33},"end":{"line":22,"column":35}},{"start":{"line":22,"column":33},"end":{"line":22,"column":42}}]},"2":{"loc":{"start":{"line":22,"column":15},"end":{"line":22,"column":35}},"type":"binary-expr","locations":[{"start":{"line":22,"column":15},"end":{"line":22,"column":35}},{"start":{"line":22,"column":33},"end":{"line":22,"column":35}}]},"3":{"loc":{"start":{"line":22,"column":15},"end":{"line":22,"column":33}},"type":"cond-expr","locations":[{"start":{"line":22,"column":27},"end":{"line":22,"column":29}},{"start":{"line":22,"column":27},"end":{"line":22,"column":33}}]},"4":{"loc":{"start":{"line":22,"column":15},"end":{"line":22,"column":29}},"type":"binary-expr","locations":[{"start":{"line":22,"column":15},"end":{"line":22,"column":29}},{"start":{"line":22,"column":27},"end":{"line":22,"column":29}}]},"5":{"loc":{"start":{"line":29,"column":7},"end":{"line":29,"column":55}},"type":"binary-expr","locations":[{"start":{"line":29,"column":7},"end":{"line":29,"column":12}},{"start":{"line":29,"column":16},"end":{"line":29,"column":55}}]}},"s":{"0":3,"1":3,"2":3,"3":3,"4":9,"5":9,"6":9,"7":9,"8":9,"9":9,"10":2,"11":2,"12":2,"13":2,"14":1,"15":1,"16":9,"17":2,"18":2,"19":2,"20":3},"f":{"0":9,"1":2,"2":2,"3":2,"4":2,"5":2},"b":{"0":[1,0],"1":[0,1],"2":[1,1],"3":[0,1],"4":[1,1],"5":[9,1]}}
,"C:\\Users\\user\\Desktop\\Desk t\\Full stack\\phase 4 final\\task-manager-app\\client\\src\\components\\SearchBar.tsx": {"path":"C:\\Users\\user\\Desktop\\Desk t\\Full stack\\phase 4 final\\task-manager-app\\client\\src\\components\\SearchBar.tsx","statementMap":{"0":{"start":{"line":1,"column":0},"end":{"line":1,"column":40}},"1":{"start":{"line":7,"column":44},"end":{"line":29,"column":1}},"2":{"start":{"line":8,"column":28},"end":{"line":8,"column":40}},"3":{"start":{"line":10,"column":23},"end":{"line":13,"column":3}},"4":{"start":{"line":11,"column":4},"end":{"line":11,"column":23}},"5":{"start":{"line":12,"column":4},"end":{"line":12,"column":27}},"6":{"start":{"line":15,"column":2},"end":{"line":28,"column":4}},"7":{"start":{"line":21,"column":25},"end":{"line":21,"column":49}},"8":{"start":{"line":31,"column":0},"end":{"line":31,"column":25}}},"fnMap":{"0":{"name":"(anonymous_0)","decl":{"start":{"line":7,"column":44},"end":{"line":7,"column":45}},"loc":{"start":{"line":7,"column":61},"end":{"line":29,"column":1}}},"1":{"name":"(anonymous_1)","decl":{"start":{"line":10,"column":23},"end":{"line":10,"column":24}},"loc":{"start":{"line":10,"column":46},"end":{"line":13,"column":3}}},"2":{"name":"(anonymous_2)","decl":{"start":{"line":21,"column":18},"end":{"line":21,"column":19}},"loc":{"start":{"line":21,"column":25},"end":{"line":21,"column":49}}}},"branchMap":{},"s":{"0":4,"1":4,"2":18,"3":18,"4":0,"5":0,"6":18,"7":0,"8":4},"f":{"0":18,"1":0,"2":0},"b":{}}
,"C:\\Users\\user\\Desktop\\Desk t\\Full stack\\phase 4 final\\task-manager-app\\client\\src\\components\\TaskList.tsx": {"path":"C:\\Users\\user\\Desktop\\Desk t\\Full stack\\phase 4 final\\task-manager-app\\client\\src\\components\\TaskList.tsx","statementMap":{"0":{"start":{"line":11,"column":17},"end":{"line":27,"column":null}},"1":{"start":{"line":12,"column":3},"end":{"line":26,"column":null}},"2":{"start":{"line":19,"column":10},"end":{"line":19,"column":null}},"3":{"start":{"line":21,"column":35},"end":{"line":21,"column":65}},"4":{"start":{"line":22,"column":35},"end":{"line":22,"column":55}},"5":{"start":{"line":30,"column":0},"end":{"line":30,"column":24}}},"fnMap":{"0":{"name":"(anonymous_0)","decl":{"start":{"line":11,"column":17},"end":{"line":11,"column":18}},"loc":{"start":{"line":12,"column":3},"end":{"line":26,"column":null}}},"1":{"name":"(anonymous_1)","decl":{"start":{"line":18,"column":19},"end":{"line":18,"column":20}},"loc":{"start":{"line":19,"column":10},"end":{"line":19,"column":null}}},"2":{"name":"(anonymous_2)","decl":{"start":{"line":21,"column":29},"end":{"line":21,"column":32}},"loc":{"start":{"line":21,"column":35},"end":{"line":21,"column":65}}},"3":{"name":"(anonymous_3)","decl":{"start":{"line":22,"column":29},"end":{"line":22,"column":32}},"loc":{"start":{"line":22,"column":35},"end":{"line":22,"column":55}}}},"branchMap":{"0":{"loc":{"start":{"line":14,"column":5},"end":{"line":25,"column":null}},"type":"cond-expr","locations":[{"start":{"line":15,"column":6},"end":{"line":15,"column":23}},{"start":{"line":17,"column":6},"end":{"line":24,"column":null}}]},"1":{"loc":{"start":{"line":20,"column":28},"end":{"line":20,"column":54}},"type":"cond-expr","locations":[{"start":{"line":20,"column":45},"end":{"line":20,"column":48}},{"start":{"line":20,"column":51},"end":{"line":20,"column":54}}]}},"s":{"0":2,"1":2,"2":1,"3":0,"4":0,"5":2},"f":{"0":2,"1":1,"2":0,"3":0},"b":{"0":[0,2],"1":[0,1]}}
,"C:\\Users\\user\\Desktop\\Desk t\\Full stack\\phase 4 final\\task-manager-app\\client\\src\\components\\TaskTable.tsx": {"path":"C:\\Users\\user\\Desktop\\Desk t\\Full stack\\phase 4 final\\task-manager-app\\client\\src\\components\\TaskTable.tsx","statementMap":{"0":{"start":{"line":1,"column":0},"end":{"line":1,"column":40}},"1":{"start":{"line":11,"column":44},"end":{"line":114,"column":1}},"2":{"start":{"line":17,"column":42},"end":{"line":17,"column":74}},"3":{"start":{"line":20,"column":24},"end":{"line":34,"column":4}},"4":{"start":{"line":22,"column":6},"end":{"line":24,"column":52}},"5":{"start":{"line":27,"column":6},"end":{"line":31,"column":40}},"6":{"start":{"line":33,"column":4},"end":{"line":33,"column":36}},"7":{"start":{"line":36,"column":2},"end":{"line":113,"column":4}},"8":{"start":{"line":46,"column":27},"end":{"line":46,"column":58}},"9":{"start":{"line":68,"column":14},"end":{"line":68,"column":33}},"10":{"start":{"line":93,"column":37},"end":{"line":93,"column":49}},"11":{"start":{"line":116,"column":0},"end":{"line":116,"column":25}}},"fnMap":{"0":{"name":"(anonymous_0)","decl":{"start":{"line":11,"column":44},"end":{"line":11,"column":45}},"loc":{"start":{"line":16,"column":5},"end":{"line":114,"column":1}}},"1":{"name":"(anonymous_1)","decl":{"start":{"line":20,"column":37},"end":{"line":20,"column":38}},"loc":{"start":{"line":20,"column":46},"end":{"line":34,"column":3}}},"2":{"name":"(anonymous_2)","decl":{"start":{"line":46,"column":20},"end":{"line":46,"column":21}},"loc":{"start":{"line":46,"column":27},"end":{"line":46,"column":58}}},"3":{"name":"(anonymous_3)","decl":{"start":{"line":67,"column":30},"end":{"line":67,"column":31}},"loc":{"start":{"line":68,"column":14},"end":{"line":68,"column":33}}},"4":{"name":"(anonymous_4)","decl":{"start":{"line":93,"column":31},"end":{"line":93,"column":34}},"loc":{"start":{"line":93,"column":37},"end":{"line":93,"column":49}}}},"branchMap":{"0":{"loc":{"start":{"line":13,"column":2},"end":{"line":13,"column":24}},"type":"default-arg","locations":[{"start":{"line":13,"column":19},"end":{"line":13,"column":24}}]},"1":{"loc":{"start":{"line":22,"column":6},"end":{"line":24,"column":52}},"type":"binary-expr","locations":[{"start":{"line":22,"column":6},"end":{"line":22,"column":28}},{"start":{"line":23,"column":7},"end":{"line":23,"column":35}},{"start":{"line":23,"column":39},"end":{"line":23,"column":53}},{"start":{"line":24,"column":7},"end":{"line":24,"column":32}},{"start":{"line":24,"column":36},"end":{"line":24,"column":51}}]},"2":{"loc":{"start":{"line":27,"column":6},"end":{"line":31,"column":40}},"type":"binary-expr","locations":[{"start":{"line":27,"column":6},"end":{"line":27,"column":21}},{"start":{"line":28,"column":7},"end":{"line":28,"column":16}},{"start":{"line":29,"column":8},"end":{"line":29,"column":37}},{"start":{"line":30,"column":8},"end":{"line":30,"column":25}},{"start":{"line":31,"column":8},"end":{"line":31,"column":39}}]},"3":{"loc":{"start":{"line":33,"column":11},"end":{"line":33,"column":35}},"type":"binary-expr","locations":[{"start":{"line":33,"column":11},"end":{"line":33,"column":22}},{"start":{"line":33,"column":26},"end":{"line":33,"column":35}}]},"4":{"loc":{"start":{"line":66,"column":11},"end":{"line":108,"column":null}},"type":"cond-expr","locations":[{"start":{"line":67,"column":12},"end":{"line":102,"column":14}},{"start":{"line":104,"column":12},"end":{"line":107,"column":null}}]},"5":{"loc":{"start":{"line":74,"column":22},"end":{"line":76,"column":null}},"type":"cond-expr","locations":[{"start":{"line":75,"column":26},"end":{"line":75,"column":55}},{"start":{"line":76,"column":26},"end":{"line":76,"column":null}}]},"6":{"loc":{"start":{"line":83,"column":19},"end":{"line":85,"column":31}},"type":"cond-expr","locations":[{"start":{"line":84,"column":22},"end":{"line":84,"column":36}},{"start":{"line":85,"column":22},"end":{"line":85,"column":31}}]},"7":{"loc":{"start":{"line":83,"column":19},"end":{"line":83,"column":84}},"type":"binary-expr","locations":[{"start":{"line":83,"column":19},"end":{"line":83,"column":48}},{"start":{"line":83,"column":52},"end":{"line":83,"column":61}},{"start":{"line":83,"column":65},"end":{"line":83,"column":84}}]},"8":{"loc":{"start":{"line":91,"column":19},"end":{"line":98,"column":null}},"type":"binary-expr","locations":[{"start":{"line":91,"column":19},"end":{"line":91,"column":25}},{"start":{"line":92,"column":20},"end":{"line":95,"column":null}}]}},"s":{"0":3,"1":3,"2":6,"3":6,"4":10,"5":10,"6":10,"7":6,"8":2,"9":8,"10":0,"11":3},"f":{"0":6,"1":10,"2":2,"3":8,"4":0},"b":{"0":[6],"1":[10,4,2,3,2],"2":[10,0,0,0,0],"3":[10,8],"4":[5,1],"5":[4,4],"6":[8,0],"7":[8,8,8],"8":[8,0]}}
,"C:\\Users\\user\\Desktop\\Desk t\\Full stack\\phase 4 final\\task-manager-app\\client\\src\\components\\UserTable.tsx": {"path":"C:\\Users\\user\\Desktop\\Desk t\\Full stack\\phase 4 final\\task-manager-app\\client\\src\\components\\UserTable.tsx","statementMap":{"0":{"start":{"line":2,"column":0},"end":{"line":2,"column":40}},"1":{"start":{"line":3,"column":0},"end":{"line":3,"column":31}},"2":{"start":{"line":4,"column":0},"end":{"line":4,"column":46}},"3":{"start":{"line":20,"column":44},"end":{"line":137,"column":1}},"4":{"start":{"line":21,"column":42},"end":{"line":21,"column":69}},"5":{"start":{"line":22,"column":50},"end":{"line":22,"column":65}},"6":{"start":{"line":24,"column":24},"end":{"line":31,"column":4}},"7":{"start":{"line":24,"column":49},"end":{"line":31,"column":4}},"8":{"start":{"line":25,"column":4},"end":{"line":30,"column":5}},"9":{"start":{"line":26,"column":6},"end":{"line":26,"column":54}},"10":{"start":{"line":27,"column":6},"end":{"line":27,"column":16}},"11":{"start":{"line":29,"column":6},"end":{"line":29,"column":52}},"12":{"start":{"line":33,"column":23},"end":{"line":40,"column":4}},"13":{"start":{"line":33,"column":48},"end":{"line":40,"column":4}},"14":{"start":{"line":34,"column":4},"end":{"line":39,"column":5}},"15":{"start":{"line":35,"column":6},"end":{"line":35,"column":53}},"16":{"start":{"line":36,"column":6},"end":{"line":36,"column":16}},"17":{"start":{"line":38,"column":6},"end":{"line":38,"column":51}},"18":{"start":{"line":42,"column":23},"end":{"line":51,"column":4}},"19":{"start":{"line":42,"column":48},"end":{"line":51,"column":4}},"20":{"start":{"line":43,"column":4},"end":{"line":50,"column":5}},"21":{"start":{"line":44,"column":6},"end":{"line":49,"column":7}},"22":{"start":{"line":45,"column":8},"end":{"line":45,"column":51}},"23":{"start":{"line":46,"column":8},"end":{"line":46,"column":18}},"24":{"start":{"line":48,"column":8},"end":{"line":48,"column":53}},"25":{"start":{"line":53,"column":25},"end":{"line":56,"column":3}},"26":{"start":{"line":54,"column":4},"end":{"line":54,"column":26}},"27":{"start":{"line":55,"column":4},"end":{"line":55,"column":30}},"28":{"start":{"line":58,"column":2},"end":{"line":136,"column":4}},"29":{"start":{"line":72,"column":12},"end":{"line":72,"column":31}},"30":{"start":{"line":88,"column":33},"end":{"line":88,"column":53}},"31":{"start":{"line":97,"column":35},"end":{"line":97,"column":57}},"32":{"start":{"line":105,"column":35},"end":{"line":105,"column":58}},"33":{"start":{"line":114,"column":33},"end":{"line":114,"column":55}},"34":{"start":{"line":132,"column":25},"end":{"line":132,"column":51}},"35":{"start":{"line":139,"column":0},"end":{"line":139,"column":25}}},"fnMap":{"0":{"name":"(anonymous_8)","decl":{"start":{"line":20,"column":44},"end":{"line":20,"column":45}},"loc":{"start":{"line":20,"column":82},"end":{"line":137,"column":1}}},"1":{"name":"(anonymous_9)","decl":{"start":{"line":24,"column":24},"end":{"line":24,"column":31}},"loc":{"start":{"line":24,"column":49},"end":{"line":31,"column":4}}},"2":{"name":"(anonymous_10)","decl":{"start":{"line":24,"column":49},"end":{"line":24,"column":null}},"loc":{"start":{"line":24,"column":49},"end":{"line":31,"column":3}}},"3":{"name":"(anonymous_11)","decl":{"start":{"line":33,"column":23},"end":{"line":33,"column":30}},"loc":{"start":{"line":33,"column":48},"end":{"line":40,"column":4}}},"4":{"name":"(anonymous_12)","decl":{"start":{"line":33,"column":48},"end":{"line":33,"column":null}},"loc":{"start":{"line":33,"column":48},"end":{"line":40,"column":3}}},"5":{"name":"(anonymous_13)","decl":{"start":{"line":42,"column":23},"end":{"line":42,"column":30}},"loc":{"start":{"line":42,"column":48},"end":{"line":51,"column":4}}},"6":{"name":"(anonymous_14)","decl":{"start":{"line":42,"column":48},"end":{"line":42,"column":null}},"loc":{"start":{"line":42,"column":48},"end":{"line":51,"column":3}}},"7":{"name":"(anonymous_15)","decl":{"start":{"line":53,"column":25},"end":{"line":53,"column":26}},"loc":{"start":{"line":53,"column":40},"end":{"line":56,"column":3}}},"8":{"name":"(anonymous_16)","decl":{"start":{"line":71,"column":21},"end":{"line":71,"column":22}},"loc":{"start":{"line":72,"column":12},"end":{"line":72,"column":31}}},"9":{"name":"(anonymous_17)","decl":{"start":{"line":88,"column":27},"end":{"line":88,"column":30}},"loc":{"start":{"line":88,"column":33},"end":{"line":88,"column":53}}},"10":{"name":"(anonymous_18)","decl":{"start":{"line":97,"column":29},"end":{"line":97,"column":32}},"loc":{"start":{"line":97,"column":35},"end":{"line":97,"column":57}}},"11":{"name":"(anonymous_19)","decl":{"start":{"line":105,"column":29},"end":{"line":105,"column":32}},"loc":{"start":{"line":105,"column":35},"end":{"line":105,"column":58}}},"12":{"name":"(anonymous_20)","decl":{"start":{"line":114,"column":27},"end":{"line":114,"column":30}},"loc":{"start":{"line":114,"column":33},"end":{"line":114,"column":55}}},"13":{"name":"(anonymous_21)","decl":{"start":{"line":132,"column":19},"end":{"line":132,"column":22}},"loc":{"start":{"line":132,"column":25},"end":{"line":132,"column":51}}}},"branchMap":{"0":{"loc":{"start":{"line":43,"column":4},"end":{"line":50,"column":5}},"type":"if","locations":[{"start":{"line":43,"column":4},"end":{"line":50,"column":5}}]},"1":{"loc":{"start":{"line":78,"column":18},"end":{"line":80,"column":null}},"type":"cond-expr","locations":[{"start":{"line":79,"column":22},"end":{"line":79,"column":47}},{"start":{"line":80,"column":22},"end":{"line":80,"column":null}}]},"2":{"loc":{"start":{"line":95,"column":17},"end":{"line":109,"column":null}},"type":"cond-expr","locations":[{"start":{"line":96,"column":18},"end":{"line":99,"column":null}},{"start":{"line":104,"column":18},"end":{"line":106,"column":null}}]},"3":{"loc":{"start":{"line":127,"column":7},"end":{"line":133,"column":null}},"type":"binary-expr","locations":[{"start":{"line":127,"column":7},"end":{"line":127,"column":19}},{"start":{"line":128,"column":8},"end":{"line":132,"column":null}}]}},"s":{"0":3,"1":3,"2":3,"3":3,"4":7,"5":7,"6":7,"7":1,"8":1,"9":1,"10":1,"11":0,"12":7,"13":1,"14":1,"15":1,"16":1,"17":0,"18":7,"19":1,"20":1,"21":1,"22":1,"23":1,"24":0,"25":7,"26":1,"27":1,"28":7,"29":15,"30":1,"31":1,"32":1,"33":1,"34":0,"35":3},"f":{"0":7,"1":1,"2":1,"3":1,"4":1,"5":1,"6":1,"7":1,"8":15,"9":1,"10":1,"11":1,"12":1,"13":0},"b":{"0":[1],"1":[8,7],"2":[8,7],"3":[7,1]}}
,"C:\\Users\\user\\Desktop\\Desk t\\Full stack\\phase 4 final\\task-manager-app\\client\\src\\components\\UserTasksModal.tsx": {"path":"C:\\Users\\user\\Desktop\\Desk t\\Full stack\\phase 4 final\\task-manager-app\\client\\src\\components\\UserTasksModal.tsx","statementMap":{"0":{"start":{"line":2,"column":0},"end":{"line":2,"column":51}},"1":{"start":{"line":3,"column":0},"end":{"line":3,"column":31}},"2":{"start":{"line":13,"column":54},"end":{"line":148,"column":1}},"3":{"start":{"line":19,"column":28},"end":{"line":19,"column":48}},"4":{"start":{"line":20,"column":32},"end":{"line":20,"column":46}},"5":{"start":{"line":21,"column":28},"end":{"line":21,"column":57}},"6":{"start":{"line":22,"column":42},"end":{"line":22,"column":65}},"7":{"start":{"line":24,"column":2},"end":{"line":28,"column":23}},"8":{"start":{"line":25,"column":4},"end":{"line":27,"column":5}},"9":{"start":{"line":26,"column":6},"end":{"line":26,"column":23}},"10":{"start":{"line":30,"column":25},"end":{"line":53,"column":4}},"11":{"start":{"line":30,"column":36},"end":{"line":53,"column":4}},"12":{"start":{"line":31,"column":4},"end":{"line":52,"column":5}},"13":{"start":{"line":32,"column":6},"end":{"line":32,"column":23}},"14":{"start":{"line":33,"column":6},"end":{"line":33,"column":21}},"15":{"start":{"line":36,"column":6},"end":{"line":36,"column":56}},"16":{"start":{"line":38,"column":18},"end":{"line":38,"column":63}},"17":{"start":{"line":39,"column":6},"end":{"line":39,"column":47}},"18":{"start":{"line":41,"column":6},"end":{"line":41,"column":25}},"19":{"start":{"line":43,"column":6},"end":{"line":43,"column":56}},"20":{"start":{"line":45,"column":6},"end":{"line":48,"column":7}},"21":{"start":{"line":46,"column":8},"end":{"line":46,"column":60}},"22":{"start":{"line":47,"column":8},"end":{"line":47,"column":59}},"23":{"start":{"line":49,"column":6},"end":{"line":49,"column":59}},"24":{"start":{"line":51,"column":6},"end":{"line":51,"column":24}},"25":{"start":{"line":55,"column":2},"end":{"line":55,"column":27}},"26":{"start":{"line":55,"column":15},"end":{"line":55,"column":27}},"27":{"start":{"line":58,"column":24},"end":{"line":63,"column":4}},"28":{"start":{"line":59,"column":4},"end":{"line":59,"column":44}},"29":{"start":{"line":59,"column":32},"end":{"line":59,"column":44}},"30":{"start":{"line":60,"column":4},"end":{"line":60,"column":60}},"31":{"start":{"line":60,"column":38},"end":{"line":60,"column":60}},"32":{"start":{"line":61,"column":4},"end":{"line":61,"column":58}},"33":{"start":{"line":61,"column":35},"end":{"line":61,"column":58}},"34":{"start":{"line":62,"column":4},"end":{"line":62,"column":16}},"35":{"start":{"line":65,"column":2},"end":{"line":147,"column":4}},"36":{"start":{"line":92,"column":29},"end":{"line":92,"column":60}},"37":{"start":{"line":118,"column":18},"end":{"line":118,"column":37}},"38":{"start":{"line":150,"column":0},"end":{"line":150,"column":30}}},"fnMap":{"0":{"name":"(anonymous_8)","decl":{"start":{"line":13,"column":54},"end":{"line":13,"column":55}},"loc":{"start":{"line":18,"column":5},"end":{"line":148,"column":1}}},"1":{"name":"(anonymous_9)","decl":{"start":{"line":24,"column":12},"end":{"line":24,"column":15}},"loc":{"start":{"line":24,"column":17},"end":{"line":28,"column":3}}},"2":{"name":"(anonymous_10)","decl":{"start":{"line":30,"column":25},"end":{"line":30,"column":34}},"loc":{"start":{"line":30,"column":36},"end":{"line":53,"column":4}}},"3":{"name":"(anonymous_11)","decl":{"start":{"line":30,"column":36},"end":{"line":30,"column":null}},"loc":{"start":{"line":30,"column":36},"end":{"line":53,"column":3}}},"4":{"name":"(anonymous_12)","decl":{"start":{"line":58,"column":37},"end":{"line":58,"column":41}},"loc":{"start":{"line":58,"column":44},"end":{"line":63,"column":3}}},"5":{"name":"(anonymous_13)","decl":{"start":{"line":92,"column":22},"end":{"line":92,"column":23}},"loc":{"start":{"line":92,"column":29},"end":{"line":92,"column":60}}},"6":{"name":"(anonymous_14)","decl":{"start":{"line":117,"column":34},"end":{"line":117,"column":35}},"loc":{"start":{"line":118,"column":18},"end":{"line":118,"column":37}}}},"branchMap":{"0":{"loc":{"start":{"line":25,"column":4},"end":{"line":27,"column":5}},"type":"if","locations":[{"start":{"line":25,"column":4},"end":{"line":27,"column":5}}]},"1":{"loc":{"start":{"line":25,"column":8},"end":{"line":25,"column":24}},"type":"binary-expr","locations":[{"start":{"line":25,"column":8},"end":{"line":25,"column":14}},{"start":{"line":25,"column":18},"end":{"line":25,"column":24}}]},"2":{"loc":{"start":{"line":45,"column":6},"end":{"line":48,"column":7}},"type":"if","locations":[{"start":{"line":45,"column":6},"end":{"line":48,"column":7}}]},"3":{"loc":{"start":{"line":55,"column":2},"end":{"line":55,"column":27}},"type":"if","locations":[{"start":{"line":55,"column":2},"end":{"line":55,"column":27}}]},"4":{"loc":{"start":{"line":59,"column":4},"end":{"line":59,"column":44}},"type":"if","locations":[{"start":{"line":59,"column":4},"end":{"line":59,"column":44}}]},"5":{"loc":{"start":{"line":60,"column":4},"end":{"line":60,"column":60}},"type":"if","locations":[{"start":{"line":60,"column":4},"end":{"line":60,"column":60}}]},"6":{"loc":{"start":{"line":61,"column":4},"end":{"line":61,"column":58}},"type":"if","locations":[{"start":{"line":61,"column":4},"end":{"line":61,"column":58}}]},"7":{"loc":{"start":{"line":101,"column":9},"end":{"line":143,"column":null}},"type":"cond-expr","locations":[{"start":{"line":102,"column":10},"end":{"line":102,"column":66}},{"start":{"line":103,"column":12},"end":{"line":143,"column":null}}]},"8":{"loc":{"start":{"line":103,"column":12},"end":{"line":143,"column":null}},"type":"cond-expr","locations":[{"start":{"line":104,"column":10},"end":{"line":104,"column":70}},{"start":{"line":106,"column":10},"end":{"line":142,"column":null}}]},"9":{"loc":{"start":{"line":116,"column":15},"end":{"line":140,"column":null}},"type":"cond-expr","locations":[{"start":{"line":117,"column":16},"end":{"line":134,"column":18}},{"start":{"line":136,"column":16},"end":{"line":139,"column":null}}]},"10":{"loc":{"start":{"line":123,"column":24},"end":{"line":125,"column":null}},"type":"cond-expr","locations":[{"start":{"line":124,"column":28},"end":{"line":124,"column":57}},{"start":{"line":125,"column":28},"end":{"line":125,"column":null}}]}},"s":{"0":3,"1":3,"2":3,"3":10,"4":10,"5":10,"6":10,"7":10,"8":5,"9":4,"10":10,"11":4,"12":4,"13":4,"14":4,"15":4,"16":4,"17":3,"18":3,"19":1,"20":1,"21":0,"22":0,"23":1,"24":4,"25":10,"26":1,"27":9,"28":4,"29":3,"30":1,"31":1,"32":0,"33":0,"34":0,"35":9,"36":1,"37":3,"38":3},"f":{"0":10,"1":5,"2":4,"3":4,"4":4,"5":1,"6":3},"b":{"0":[4],"1":[5,4],"2":[0],"3":[1],"4":[3],"5":[1],"6":[0],"7":[4,5],"8":[1,4],"9":[3,1],"10":[0,3]}}
,"C:\\Users\\user\\Desktop\\Desk t\\Full stack\\phase 4 final\\task-manager-app\\client\\src\\context\\AuthContext.tsx": {"path":"C:\\Users\\user\\Desktop\\Desk t\\Full stack\\phase 4 final\\task-manager-app\\client\\src\\context\\AuthContext.tsx","statementMap":{"0":{"start":{"line":2,"column":0},"end":{"line":2,"column":78}},"1":{"start":{"line":3,"column":0},"end":{"line":3,"column":26}},"2":{"start":{"line":23,"column":20},"end":{"line":23,"column":73}},"3":{"start":{"line":26,"column":69},"end":{"line":79,"column":1}},"4":{"start":{"line":27,"column":26},"end":{"line":27,"column":53}},"5":{"start":{"line":28,"column":36},"end":{"line":28,"column":50}},"6":{"start":{"line":31,"column":2},"end":{"line":56,"column":9}},"7":{"start":{"line":32,"column":21},"end":{"line":53,"column":6}},"8":{"start":{"line":32,"column":32},"end":{"line":53,"column":6}},"9":{"start":{"line":33,"column":20},"end":{"line":33,"column":49}},"10":{"start":{"line":35,"column":6},"end":{"line":51,"column":7}},"11":{"start":{"line":36,"column":8},"end":{"line":50,"column":9}},"12":{"start":{"line":38,"column":10},"end":{"line":38,"column":77}},"13":{"start":{"line":41,"column":22},"end":{"line":41,"column":74}},"14":{"start":{"line":44,"column":10},"end":{"line":44,"column":28}},"15":{"start":{"line":46,"column":10},"end":{"line":46,"column":55}},"16":{"start":{"line":48,"column":10},"end":{"line":48,"column":43}},"17":{"start":{"line":49,"column":10},"end":{"line":49,"column":64}},"18":{"start":{"line":52,"column":6},"end":{"line":52,"column":26}},"19":{"start":{"line":55,"column":4},"end":{"line":55,"column":15}},"20":{"start":{"line":59,"column":17},"end":{"line":64,"column":3}},"21":{"start":{"line":60,"column":4},"end":{"line":60,"column":37}},"22":{"start":{"line":62,"column":4},"end":{"line":62,"column":58}},"23":{"start":{"line":63,"column":4},"end":{"line":63,"column":18}},"24":{"start":{"line":66,"column":2},"end":{"line":78,"column":4}},"25":{"start":{"line":26,"column":13},"end":{"line":26,"column":69}},"26":{"start":{"line":82,"column":23},"end":{"line":88,"column":1}},"27":{"start":{"line":83,"column":18},"end":{"line":83,"column":41}},"28":{"start":{"line":84,"column":2},"end":{"line":86,"column":3}},"29":{"start":{"line":85,"column":4},"end":{"line":85,"column":67}},"30":{"start":{"line":87,"column":2},"end":{"line":87,"column":17}},"31":{"start":{"line":82,"column":13},"end":{"line":82,"column":23}}},"fnMap":{"0":{"name":"(anonymous_8)","decl":{"start":{"line":26,"column":69},"end":{"line":26,"column":70}},"loc":{"start":{"line":26,"column":86},"end":{"line":79,"column":1}}},"1":{"name":"(anonymous_9)","decl":{"start":{"line":31,"column":12},"end":{"line":31,"column":15}},"loc":{"start":{"line":31,"column":17},"end":{"line":56,"column":3}}},"2":{"name":"(anonymous_10)","decl":{"start":{"line":32,"column":21},"end":{"line":32,"column":30}},"loc":{"start":{"line":32,"column":32},"end":{"line":53,"column":6}}},"3":{"name":"(anonymous_11)","decl":{"start":{"line":32,"column":32},"end":{"line":32,"column":null}},"loc":{"start":{"line":32,"column":32},"end":{"line":53,"column":5}}},"4":{"name":"(anonymous_12)","decl":{"start":{"line":59,"column":17},"end":{"line":59,"column":20}},"loc":{"start":{"line":59,"column":22},"end":{"line":64,"column":3}}},"5":{"name":"(anonymous_13)","decl":{"start":{"line":82,"column":23},"end":{"line":82,"column":26}},"loc":{"start":{"line":82,"column":28},"end":{"line":88,"column":1}}}},"branchMap":{"0":{"loc":{"start":{"line":35,"column":6},"end":{"line":51,"column":7}},"type":"if","locations":[{"start":{"line":35,"column":6},"end":{"line":51,"column":7}}]},"1":{"loc":{"start":{"line":84,"column":2},"end":{"line":86,"column":3}},"type":"if","locations":[{"start":{"line":84,"column":2},"end":{"line":86,"column":3}}]}},"s":{"0":3,"1":3,"2":3,"3":3,"4":9,"5":9,"6":9,"7":4,"8":4,"9":4,"10":4,"11":3,"12":3,"13":3,"14":2,"15":1,"16":1,"17":1,"18":4,"19":4,"20":9,"21":1,"22":1,"23":1,"24":9,"25":3,"26":3,"27":9,"28":9,"29":0,"30":9,"31":3},"f":{"0":9,"1":4,"2":4,"3":4,"4":1,"5":9},"b":{"0":[3],"1":[0]}}
,"C:\\Users\\user\\Desktop\\Desk t\\Full stack\\phase 4 final\\task-manager-app\\client\\src\\pages\\ActiveTasksPage.tsx": {"path":"C:\\Users\\user\\Desktop\\Desk t\\Full stack\\phase 4 final\\task-manager-app\\client\\src\\pages\\ActiveTasksPage.tsx","statementMap":{"0":{"start":{"line":12,"column":56},"end":{"line":47,"column":1}},"1":{"start":{"line":13,"column":22},"end":{"line":13,"column":59}},"2":{"start":{"line":13,"column":43},"end":{"line":13,"column":58}},"3":{"start":{"line":15,"column":2},"end":{"line":46,"column":4}},"4":{"start":{"line":23,"column":12},"end":{"line":23,"column":31}},"5":{"start":{"line":27,"column":33},"end":{"line":27,"column":63}},"6":{"start":{"line":34,"column":35},"end":{"line":34,"column":55}},"7":{"start":{"line":49,"column":0},"end":{"line":49,"column":31}}},"fnMap":{"0":{"name":"(anonymous_0)","decl":{"start":{"line":12,"column":56},"end":{"line":12,"column":57}},"loc":{"start":{"line":12,"column":104},"end":{"line":47,"column":1}}},"1":{"name":"(anonymous_1)","decl":{"start":{"line":13,"column":35},"end":{"line":13,"column":39}},"loc":{"start":{"line":13,"column":43},"end":{"line":13,"column":58}}},"2":{"name":"(anonymous_2)","decl":{"start":{"line":22,"column":27},"end":{"line":22,"column":28}},"loc":{"start":{"line":23,"column":12},"end":{"line":23,"column":31}}},"3":{"name":"(anonymous_3)","decl":{"start":{"line":27,"column":27},"end":{"line":27,"column":30}},"loc":{"start":{"line":27,"column":33},"end":{"line":27,"column":63}}},"4":{"name":"(anonymous_4)","decl":{"start":{"line":34,"column":29},"end":{"line":34,"column":32}},"loc":{"start":{"line":34,"column":35},"end":{"line":34,"column":55}}}},"branchMap":{"0":{"loc":{"start":{"line":18,"column":7},"end":{"line":43,"column":null}},"type":"cond-expr","locations":[{"start":{"line":19,"column":8},"end":{"line":19,"column":64}},{"start":{"line":21,"column":8},"end":{"line":42,"column":null}}]},"1":{"loc":{"start":{"line":32,"column":17},"end":{"line":38,"column":null}},"type":"binary-expr","locations":[{"start":{"line":32,"column":17},"end":{"line":32,"column":27}},{"start":{"line":33,"column":18},"end":{"line":35,"column":null}}]}},"s":{"0":3,"1":4,"2":6,"3":4,"4":6,"5":1,"6":1,"7":3},"f":{"0":4,"1":6,"2":6,"3":1,"4":1},"b":{"0":[1,3],"1":[6,2]}}
,"C:\\Users\\user\\Desktop\\Desk t\\Full stack\\phase 4 final\\task-manager-app\\client\\src\\pages\\AdminDashboard.tsx": {"path":"C:\\Users\\user\\Desktop\\Desk t\\Full stack\\phase 4 final\\task-manager-app\\client\\src\\pages\\AdminDashboard.tsx","statementMap":{"0":{"start":{"line":1,"column":0},"end":{"line":1,"column":51}},"1":{"start":{"line":2,"column":0},"end":{"line":2,"column":31}},"2":{"start":{"line":3,"column":0},"end":{"line":3,"column":48}},"3":{"start":{"line":4,"column":0},"end":{"line":4,"column":48}},"4":{"start":{"line":5,"column":0},"end":{"line":5,"column":49}},"5":{"start":{"line":8,"column":33},"end":{"line":187,"column":1}},"6":{"start":{"line":9,"column":19},"end":{"line":9,"column":28}},"7":{"start":{"line":10,"column":28},"end":{"line":10,"column":40}},"8":{"start":{"line":11,"column":34},"end":{"line":11,"column":54}},"9":{"start":{"line":12,"column":36},"end":{"line":12,"column":72}},"10":{"start":{"line":13,"column":36},"end":{"line":13,"column":50}},"11":{"start":{"line":14,"column":28},"end":{"line":14,"column":57}},"12":{"start":{"line":16,"column":38},"end":{"line":16,"column":50}},"13":{"start":{"line":17,"column":40},"end":{"line":17,"column":51}},"14":{"start":{"line":18,"column":23},"end":{"line":18,"column":24}},"15":{"start":{"line":19,"column":40},"end":{"line":19,"column":67}},"16":{"start":{"line":21,"column":25},"end":{"line":25,"column":3}},"17":{"start":{"line":23,"column":4},"end":{"line":23,"column":44}},"18":{"start":{"line":26,"column":21},"end":{"line":33,"column":4}},"19":{"start":{"line":26,"column":32},"end":{"line":33,"column":4}},"20":{"start":{"line":27,"column":4},"end":{"line":32,"column":5}},"21":{"start":{"line":28,"column":18},"end":{"line":28,"column":47}},"22":{"start":{"line":29,"column":6},"end":{"line":29,"column":25}},"23":{"start":{"line":31,"column":6},"end":{"line":31,"column":51}},"24":{"start":{"line":35,"column":24},"end":{"line":50,"column":4}},"25":{"start":{"line":35,"column":35},"end":{"line":50,"column":4}},"26":{"start":{"line":36,"column":4},"end":{"line":49,"column":5}},"27":{"start":{"line":37,"column":6},"end":{"line":37,"column":25}},"28":{"start":{"line":38,"column":6},"end":{"line":38,"column":21}},"29":{"start":{"line":39,"column":18},"end":{"line":39,"column":47}},"30":{"start":{"line":40,"column":6},"end":{"line":40,"column":28}},"31":{"start":{"line":42,"column":6},"end":{"line":42,"column":55}},"32":{"start":{"line":43,"column":6},"end":{"line":45,"column":7}},"33":{"start":{"line":44,"column":8},"end":{"line":44,"column":60}},"34":{"start":{"line":46,"column":6},"end":{"line":46,"column":59}},"35":{"start":{"line":48,"column":6},"end":{"line":48,"column":26}},"36":{"start":{"line":52,"column":2},"end":{"line":54,"column":9}},"37":{"start":{"line":53,"column":4},"end":{"line":53,"column":17}},"38":{"start":{"line":56,"column":2},"end":{"line":60,"column":18}},"39":{"start":{"line":57,"column":4},"end":{"line":59,"column":5}},"40":{"start":{"line":58,"column":6},"end":{"line":58,"column":22}},"41":{"start":{"line":62,"column":2},"end":{"line":62,"column":58}},"42":{"start":{"line":62,"column":13},"end":{"line":62,"column":58}},"43":{"start":{"line":64,"column":2},"end":{"line":71,"column":1}},"44":{"start":{"line":65,"column":2},"end":{"line":70,"column":4}},"45":{"start":{"line":73,"column":24},"end":{"line":75,"column":null}},"46":{"start":{"line":74,"column":4},"end":{"line":75,"column":69}},"47":{"start":{"line":78,"column":25},"end":{"line":80,"column":null}},"48":{"start":{"line":83,"column":2},"end":{"line":186,"column":4}},"49":{"start":{"line":91,"column":25},"end":{"line":91,"column":46}},"50":{"start":{"line":97,"column":25},"end":{"line":97,"column":46}},"51":{"start":{"line":116,"column":29},"end":{"line":116,"column":58}},"52":{"start":{"line":133,"column":64},"end":{"line":133,"column":84}},"53":{"start":{"line":138,"column":18},"end":{"line":139,"column":null}},"54":{"start":{"line":140,"column":35},"end":{"line":140,"column":56}},"55":{"start":{"line":157,"column":31},"end":{"line":157,"column":88}},"56":{"start":{"line":162,"column":31},"end":{"line":162,"column":94}},"57":{"start":{"line":166,"column":36},"end":{"line":170,"column":null}},"58":{"start":{"line":167,"column":18},"end":{"line":167,"column":80}},"59":{"start":{"line":168,"column":18},"end":{"line":168,"column":34}},"60":{"start":{"line":169,"column":18},"end":{"line":169,"column":39}},"61":{"start":{"line":176,"column":31},"end":{"line":176,"column":51}},"62":{"start":{"line":189,"column":0},"end":{"line":189,"column":30}}},"fnMap":{"0":{"name":"(anonymous_8)","decl":{"start":{"line":8,"column":33},"end":{"line":8,"column":36}},"loc":{"start":{"line":8,"column":38},"end":{"line":187,"column":1}}},"1":{"name":"(anonymous_9)","decl":{"start":{"line":21,"column":25},"end":{"line":21,"column":26}},"loc":{"start":{"line":21,"column":40},"end":{"line":25,"column":3}}},"2":{"name":"(anonymous_10)","decl":{"start":{"line":26,"column":21},"end":{"line":26,"column":30}},"loc":{"start":{"line":26,"column":32},"end":{"line":33,"column":4}}},"3":{"name":"(anonymous_11)","decl":{"start":{"line":26,"column":32},"end":{"line":26,"column":null}},"loc":{"start":{"line":26,"column":32},"end":{"line":33,"column":3}}},"4":{"name":"(anonymous_12)","decl":{"start":{"line":35,"column":24},"end":{"line":35,"column":33}},"loc":{"start":{"line":35,"column":35},"end":{"line":50,"column":4}}},"5":{"name":"(anonymous_13)","decl":{"start":{"line":35,"column":35},"end":{"line":35,"column":null}},"loc":{"start":{"line":35,"column":35},"end":{"line":50,"column":3}}},"6":{"name":"(anonymous_14)","decl":{"start":{"line":52,"column":12},"end":{"line":52,"column":15}},"loc":{"start":{"line":52,"column":17},"end":{"line":54,"column":3}}},"7":{"name":"(anonymous_15)","decl":{"start":{"line":56,"column":12},"end":{"line":56,"column":15}},"loc":{"start":{"line":56,"column":17},"end":{"line":60,"column":3}}},"8":{"name":"(anonymous_16)","decl":{"start":{"line":73,"column":40},"end":{"line":73,"column":44}},"loc":{"start":{"line":74,"column":4},"end":{"line":75,"column":69}}},"9":{"name":"(anonymous_17)","decl":{"start":{"line":91,"column":19},"end":{"line":91,"column":22}},"loc":{"start":{"line":91,"column":25},"end":{"line":91,"column":46}}},"10":{"name":"(anonymous_18)","decl":{"start":{"line":97,"column":19},"end":{"line":97,"column":22}},"loc":{"start":{"line":97,"column":25},"end":{"line":97,"column":46}}},"11":{"name":"(anonymous_19)","decl":{"start":{"line":116,"column":24},"end":{"line":116,"column":25}},"loc":{"start":{"line":116,"column":29},"end":{"line":116,"column":58}}},"12":{"name":"(anonymous_20)","decl":{"start":{"line":133,"column":56},"end":{"line":133,"column":60}},"loc":{"start":{"line":133,"column":64},"end":{"line":133,"column":84}}},"13":{"name":"(anonymous_21)","decl":{"start":{"line":137,"column":88},"end":{"line":137,"column":89}},"loc":{"start":{"line":138,"column":18},"end":{"line":139,"column":null}}},"14":{"name":"(anonymous_22)","decl":{"start":{"line":140,"column":29},"end":{"line":140,"column":32}},"loc":{"start":{"line":140,"column":35},"end":{"line":140,"column":56}}},"15":{"name":"(anonymous_23)","decl":{"start":{"line":157,"column":26},"end":{"line":157,"column":27}},"loc":{"start":{"line":157,"column":31},"end":{"line":157,"column":88}}},"16":{"name":"(anonymous_24)","decl":{"start":{"line":162,"column":26},"end":{"line":162,"column":27}},"loc":{"start":{"line":162,"column":31},"end":{"line":162,"column":94}}},"17":{"name":"(anonymous_25)","decl":{"start":{"line":166,"column":25},"end":{"line":166,"column":34}},"loc":{"start":{"line":166,"column":36},"end":{"line":170,"column":null}}},"18":{"name":"(anonymous_26)","decl":{"start":{"line":166,"column":36},"end":{"line":166,"column":null}},"loc":{"start":{"line":166,"column":36},"end":{"line":170,"column":17}}},"19":{"name":"(anonymous_27)","decl":{"start":{"line":176,"column":25},"end":{"line":176,"column":28}},"loc":{"start":{"line":176,"column":31},"end":{"line":176,"column":51}}}},"branchMap":{"0":{"loc":{"start":{"line":43,"column":6},"end":{"line":45,"column":7}},"type":"if","locations":[{"start":{"line":43,"column":6},"end":{"line":45,"column":7}}]},"1":{"loc":{"start":{"line":57,"column":4},"end":{"line":59,"column":5}},"type":"if","locations":[{"start":{"line":57,"column":4},"end":{"line":59,"column":5}}]},"2":{"loc":{"start":{"line":62,"column":2},"end":{"line":62,"column":58}},"type":"if","locations":[{"start":{"line":62,"column":2},"end":{"line":62,"column":58}}]},"3":{"loc":{"start":{"line":64,"column":2},"end":{"line":71,"column":1}},"type":"if","locations":[{"start":{"line":64,"column":2},"end":{"line":71,"column":1}}]},"4":{"loc":{"start":{"line":64,"column":6},"end":{"line":64,"column":35}},"type":"binary-expr","locations":[{"start":{"line":64,"column":6},"end":{"line":64,"column":10}},{"start":{"line":64,"column":14},"end":{"line":64,"column":35}}]},"5":{"loc":{"start":{"line":74,"column":4},"end":{"line":75,"column":69}},"type":"binary-expr","locations":[{"start":{"line":74,"column":4},"end":{"line":74,"column":63}},{"start":{"line":75,"column":4},"end":{"line":75,"column":69}}]},"6":{"loc":{"start":{"line":90,"column":34},"end":{"line":90,"column":130}},"type":"cond-expr","locations":[{"start":{"line":90,"column":58},"end":{"line":90,"column":112}},{"start":{"line":90,"column":115},"end":{"line":90,"column":130}}]},"7":{"loc":{"start":{"line":96,"column":34},"end":{"line":96,"column":130}},"type":"cond-expr","locations":[{"start":{"line":96,"column":58},"end":{"line":96,"column":112}},{"start":{"line":96,"column":115},"end":{"line":96,"column":130}}]},"8":{"loc":{"start":{"line":105,"column":7},"end":{"line":183,"column":null}},"type":"cond-expr","locations":[{"start":{"line":106,"column":8},"end":{"line":106,"column":84}},{"start":{"line":108,"column":8},"end":{"line":182,"column":null}}]},"9":{"loc":{"start":{"line":127,"column":11},"end":{"line":147,"column":null}},"type":"cond-expr","locations":[{"start":{"line":128,"column":12},"end":{"line":128,"column":68}},{"start":{"line":129,"column":14},"end":{"line":147,"column":null}}]},"10":{"loc":{"start":{"line":129,"column":14},"end":{"line":147,"column":null}},"type":"cond-expr","locations":[{"start":{"line":130,"column":12},"end":{"line":130,"column":72}},{"start":{"line":132,"column":12},"end":{"line":146,"column":null}}]},"11":{"loc":{"start":{"line":141,"column":52},"end":{"line":141,"column":116}},"type":"cond-expr","locations":[{"start":{"line":141,"column":76},"end":{"line":141,"column":100}},{"start":{"line":141,"column":103},"end":{"line":141,"column":116}}]},"12":{"loc":{"start":{"line":151,"column":11},"end":{"line":181,"column":null}},"type":"binary-expr","locations":[{"start":{"line":151,"column":11},"end":{"line":151,"column":22}},{"start":{"line":152,"column":12},"end":{"line":180,"column":null}}]}},"s":{"0":3,"1":3,"2":3,"3":3,"4":3,"5":3,"6":25,"7":25,"8":25,"9":25,"10":25,"11":25,"12":25,"13":25,"14":25,"15":25,"16":25,"17":0,"18":25,"19":8,"20":8,"21":8,"22":8,"23":0,"24":25,"25":6,"26":6,"27":6,"28":6,"29":6,"30":5,"31":1,"32":1,"33":1,"34":1,"35":6,"36":25,"37":8,"38":25,"39":13,"40":5,"41":25,"42":1,"43":24,"44":1,"45":23,"46":6,"47":23,"48":23,"49":0,"50":5,"51":0,"52":0,"53":5,"54":0,"55":0,"56":0,"57":0,"58":0,"59":0,"60":0,"61":0,"62":3},"f":{"0":25,"1":0,"2":8,"3":8,"4":6,"5":6,"6":8,"7":13,"8":6,"9":0,"10":5,"11":0,"12":0,"13":5,"14":0,"15":0,"16":0,"17":0,"18":0,"19":0},"b":{"0":[1],"1":[5],"2":[1],"3":[1],"4":[24,24],"5":[6,0],"6":[6,17],"7":[17,6],"8":[6,17],"9":[11,6],"10":[1,5],"11":[5,0],"12":[17,0]}}
,"C:\\Users\\user\\Desktop\\Desk t\\Full stack\\phase 4 final\\task-manager-app\\client\\src\\pages\\CompletedTasksPage.tsx": {"path":"C:\\Users\\user\\Desktop\\Desk t\\Full stack\\phase 4 final\\task-manager-app\\client\\src\\pages\\CompletedTasksPage.tsx","statementMap":{"0":{"start":{"line":10,"column":62},"end":{"line":43,"column":1}},"1":{"start":{"line":11,"column":25},"end":{"line":11,"column":61}},"2":{"start":{"line":11,"column":46},"end":{"line":11,"column":60}},"3":{"start":{"line":13,"column":2},"end":{"line":42,"column":4}},"4":{"start":{"line":21,"column":12},"end":{"line":21,"column":31}},"5":{"start":{"line":25,"column":32},"end":{"line":25,"column":74}},"6":{"start":{"line":31,"column":33},"end":{"line":31,"column":53}},"7":{"start":{"line":45,"column":0},"end":{"line":45,"column":34}}},"fnMap":{"0":{"name":"(anonymous_0)","decl":{"start":{"line":10,"column":62},"end":{"line":10,"column":63}},"loc":{"start":{"line":10,"column":110},"end":{"line":43,"column":1}}},"1":{"name":"(anonymous_1)","decl":{"start":{"line":11,"column":38},"end":{"line":11,"column":42}},"loc":{"start":{"line":11,"column":46},"end":{"line":11,"column":60}}},"2":{"name":"(anonymous_2)","decl":{"start":{"line":20,"column":30},"end":{"line":20,"column":34}},"loc":{"start":{"line":21,"column":12},"end":{"line":21,"column":31}}},"3":{"name":"(anonymous_3)","decl":{"start":{"line":25,"column":26},"end":{"line":25,"column":29}},"loc":{"start":{"line":25,"column":32},"end":{"line":25,"column":74}}},"4":{"name":"(anonymous_4)","decl":{"start":{"line":31,"column":27},"end":{"line":31,"column":30}},"loc":{"start":{"line":31,"column":33},"end":{"line":31,"column":53}}}},"branchMap":{"0":{"loc":{"start":{"line":16,"column":7},"end":{"line":39,"column":null}},"type":"cond-expr","locations":[{"start":{"line":17,"column":8},"end":{"line":17,"column":38}},{"start":{"line":19,"column":8},"end":{"line":38,"column":null}}]},"1":{"loc":{"start":{"line":25,"column":32},"end":{"line":25,"column":74}},"type":"binary-expr","locations":[{"start":{"line":25,"column":32},"end":{"line":25,"column":40}},{"start":{"line":25,"column":44},"end":{"line":25,"column":74}}]}},"s":{"0":3,"1":4,"2":6,"3":4,"4":6,"5":1,"6":1,"7":3},"f":{"0":4,"1":6,"2":6,"3":1,"4":1},"b":{"0":[1,3],"1":[1,1]}}
,"C:\\Users\\user\\Desktop\\Desk t\\Full stack\\phase 4 final\\task-manager-app\\client\\src\\pages\\TaskPage.tsx": {"path":"C:\\Users\\user\\Desktop\\Desk t\\Full stack\\phase 4 final\\task-manager-app\\client\\src\\pages\\TaskPage.tsx","statementMap":{"0":{"start":{"line":1,"column":0},"end":{"line":1,"column":60}},"1":{"start":{"line":2,"column":0},"end":{"line":2,"column":48}},"2":{"start":{"line":3,"column":0},"end":{"line":3,"column":50}},"3":{"start":{"line":18,"column":42},"end":{"line":148,"column":1}},"4":{"start":{"line":24,"column":42},"end":{"line":24,"column":54}},"5":{"start":{"line":25,"column":32},"end":{"line":25,"column":44}},"6":{"start":{"line":26,"column":38},"end":{"line":26,"column":50}},"7":{"start":{"line":27,"column":40},"end":{"line":27,"column":51}},"8":{"start":{"line":28,"column":32},"end":{"line":28,"column":47}},"9":{"start":{"line":29,"column":28},"end":{"line":29,"column":57}},"10":{"start":{"line":30,"column":23},"end":{"line":30,"column":24}},"11":{"start":{"line":32,"column":24},"end":{"line":46,"column":4}},"12":{"start":{"line":32,"column":53},"end":{"line":46,"column":4}},"13":{"start":{"line":33,"column":4},"end":{"line":33,"column":23}},"14":{"start":{"line":34,"column":4},"end":{"line":34,"column":37}},"15":{"start":{"line":34,"column":30},"end":{"line":34,"column":37}},"16":{"start":{"line":35,"column":4},"end":{"line":45,"column":5}},"17":{"start":{"line":36,"column":6},"end":{"line":36,"column":23}},"18":{"start":{"line":37,"column":6},"end":{"line":37,"column":54}},"19":{"start":{"line":38,"column":6},"end":{"line":38,"column":26}},"20":{"start":{"line":39,"column":6},"end":{"line":39,"column":21}},"21":{"start":{"line":40,"column":6},"end":{"line":40,"column":21}},"22":{"start":{"line":42,"column":6},"end":{"line":42,"column":56}},"23":{"start":{"line":44,"column":6},"end":{"line":44,"column":24}},"24":{"start":{"line":48,"column":23},"end":{"line":51,"column":3}},"25":{"start":{"line":49,"column":4},"end":{"line":49,"column":38}},"26":{"start":{"line":50,"column":4},"end":{"line":50,"column":22}},"27":{"start":{"line":53,"column":24},"end":{"line":57,"column":25}},"28":{"start":{"line":54,"column":4},"end":{"line":56,"column":6}},"29":{"start":{"line":55,"column":6},"end":{"line":55,"column":51}},"30":{"start":{"line":59,"column":21},"end":{"line":59,"column":67}},"31":{"start":{"line":61,"column":23},"end":{"line":64,"column":34}},"32":{"start":{"line":62,"column":23},"end":{"line":62,"column":55}},"33":{"start":{"line":63,"column":4},"end":{"line":63,"column":70}},"34":{"start":{"line":66,"column":0},"end":{"line":72,"column":23}},"35":{"start":{"line":69,"column":4},"end":{"line":71,"column":5}},"36":{"start":{"line":70,"column":6},"end":{"line":70,"column":39}},"37":{"start":{"line":76,"column":2},"end":{"line":147,"column":4}},"38":{"start":{"line":86,"column":27},"end":{"line":86,"column":58}},"39":{"start":{"line":97,"column":27},"end":{"line":97,"column":53}},"40":{"start":{"line":117,"column":14},"end":{"line":117,"column":33}},"41":{"start":{"line":122,"column":35},"end":{"line":122,"column":65}},"42":{"start":{"line":129,"column":35},"end":{"line":129,"column":55}},"43":{"start":{"line":150,"column":0},"end":{"line":150,"column":24}}},"fnMap":{"0":{"name":"(anonymous_8)","decl":{"start":{"line":18,"column":42},"end":{"line":18,"column":43}},"loc":{"start":{"line":23,"column":5},"end":{"line":148,"column":1}}},"1":{"name":"(anonymous_9)","decl":{"start":{"line":32,"column":24},"end":{"line":32,"column":31}},"loc":{"start":{"line":32,"column":53},"end":{"line":46,"column":4}}},"2":{"name":"(anonymous_10)","decl":{"start":{"line":32,"column":53},"end":{"line":32,"column":null}},"loc":{"start":{"line":32,"column":53},"end":{"line":46,"column":3}}},"3":{"name":"(anonymous_11)","decl":{"start":{"line":48,"column":23},"end":{"line":48,"column":24}},"loc":{"start":{"line":48,"column":40},"end":{"line":51,"column":3}}},"4":{"name":"(anonymous_12)","decl":{"start":{"line":53,"column":32},"end":{"line":53,"column":35}},"loc":{"start":{"line":53,"column":37},"end":{"line":57,"column":3}}},"5":{"name":"(anonymous_13)","decl":{"start":{"line":54,"column":24},"end":{"line":54,"column":28}},"loc":{"start":{"line":55,"column":6},"end":{"line":55,"column":51}}},"6":{"name":"(anonymous_14)","decl":{"start":{"line":61,"column":31},"end":{"line":61,"column":34}},"loc":{"start":{"line":61,"column":36},"end":{"line":64,"column":3}}},"7":{"name":"(anonymous_15)","decl":{"start":{"line":66,"column":10},"end":{"line":66,"column":13}},"loc":{"start":{"line":66,"column":15},"end":{"line":72,"column":3}}},"8":{"name":"(anonymous_16)","decl":{"start":{"line":86,"column":20},"end":{"line":86,"column":21}},"loc":{"start":{"line":86,"column":27},"end":{"line":86,"column":58}}},"9":{"name":"(anonymous_17)","decl":{"start":{"line":97,"column":20},"end":{"line":97,"column":21}},"loc":{"start":{"line":97,"column":27},"end":{"line":97,"column":53}}},"10":{"name":"(anonymous_18)","decl":{"start":{"line":116,"column":30},"end":{"line":116,"column":31}},"loc":{"start":{"line":117,"column":14},"end":{"line":117,"column":33}}},"11":{"name":"(anonymous_19)","decl":{"start":{"line":122,"column":29},"end":{"line":122,"column":32}},"loc":{"start":{"line":122,"column":35},"end":{"line":122,"column":65}}},"12":{"name":"(anonymous_20)","decl":{"start":{"line":129,"column":29},"end":{"line":129,"column":32}},"loc":{"start":{"line":129,"column":35},"end":{"line":129,"column":55}}}},"branchMap":{"0":{"loc":{"start":{"line":34,"column":4},"end":{"line":34,"column":37}},"type":"if","locations":[{"start":{"line":34,"column":4},"end":{"line":34,"column":37}}]},"1":{"loc":{"start":{"line":69,"column":4},"end":{"line":71,"column":5}},"type":"if","locations":[{"start":{"line":69,"column":4},"end":{"line":71,"column":5}}]},"2":{"loc":{"start":{"line":69,"column":8},"end":{"line":69,"column":38}},"type":"binary-expr","locations":[{"start":{"line":69,"column":8},"end":{"line":69,"column":16}},{"start":{"line":69,"column":20},"end":{"line":69,"column":38}}]},"3":{"loc":{"start":{"line":102,"column":11},"end":{"line":102,"column":45}},"type":"cond-expr","locations":[{"start":{"line":102,"column":21},"end":{"line":102,"column":32}},{"start":{"line":102,"column":35},"end":{"line":102,"column":45}}]},"4":{"loc":{"start":{"line":106,"column":7},"end":{"line":106,"column":67}},"type":"binary-expr","locations":[{"start":{"line":106,"column":7},"end":{"line":106,"column":12}},{"start":{"line":106,"column":16},"end":{"line":106,"column":67}}]},"5":{"loc":{"start":{"line":111,"column":7},"end":{"line":144,"column":null}},"type":"cond-expr","locations":[{"start":{"line":112,"column":8},"end":{"line":112,"column":30}},{"start":{"line":114,"column":8},"end":{"line":143,"column":null}}]},"6":{"loc":{"start":{"line":117,"column":57},"end":{"line":117,"column":90}},"type":"cond-expr","locations":[{"start":{"line":117,"column":74},"end":{"line":117,"column":85}},{"start":{"line":117,"column":88},"end":{"line":117,"column":90}}]},"7":{"loc":{"start":{"line":123,"column":31},"end":{"line":123,"column":87}},"type":"cond-expr","locations":[{"start":{"line":123,"column":48},"end":{"line":123,"column":67}},{"start":{"line":123,"column":70},"end":{"line":123,"column":87}}]},"8":{"loc":{"start":{"line":125,"column":21},"end":{"line":125,"column":69}},"type":"cond-expr","locations":[{"start":{"line":125,"column":38},"end":{"line":125,"column":51}},{"start":{"line":125,"column":54},"end":{"line":125,"column":69}}]}},"s":{"0":4,"1":4,"2":4,"3":4,"4":18,"5":18,"6":18,"7":18,"8":18,"9":18,"10":18,"11":18,"12":2,"13":2,"14":2,"15":0,"16":2,"17":2,"18":2,"19":1,"20":1,"21":1,"22":1,"23":2,"24":18,"25":0,"26":0,"27":18,"28":9,"29":12,"30":18,"31":18,"32":9,"33":9,"34":18,"35":13,"36":3,"37":18,"38":2,"39":2,"40":28,"41":1,"42":1,"43":4},"f":{"0":18,"1":2,"2":2,"3":0,"4":9,"5":12,"6":9,"7":13,"8":2,"9":2,"10":28,"11":1,"12":1},"b":{"0":[0],"1":[3],"2":[13,11],"3":[2,16],"4":[18,2],"5":[4,14],"6":[14,14],"7":[14,14],"8":[14,14]}}
,"C:\\Users\\user\\Desktop\\Desk t\\Full stack\\phase 4 final\\task-manager-app\\client\\src\\utils\\api.ts": {"path":"C:\\Users\\user\\Desktop\\Desk t\\Full stack\\phase 4 final\\task-manager-app\\client\\src\\utils\\api.ts","statementMap":{"0":{"start":{"line":2,"column":0},"end":{"line":2,"column":26}},"1":{"start":{"line":4,"column":12},"end":{"line":6,"column":2}},"2":{"start":{"line":9,"column":0},"end":{"line":46,"column":1}},"3":{"start":{"line":11,"column":2},"end":{"line":20,"column":4}},"4":{"start":{"line":13,"column":6},"end":{"line":13,"column":97}},"5":{"start":{"line":14,"column":6},"end":{"line":14,"column":20}},"6":{"start":{"line":17,"column":6},"end":{"line":17,"column":49}},"7":{"start":{"line":18,"column":6},"end":{"line":18,"column":35}},"8":{"start":{"line":23,"column":2},"end":{"line":38,"column":4}},"9":{"start":{"line":25,"column":6},"end":{"line":25,"column":107}},"10":{"start":{"line":26,"column":6},"end":{"line":26,"column":22}},"11":{"start":{"line":29,"column":6},"end":{"line":35,"column":7}},"12":{"start":{"line":30,"column":8},"end":{"line":30,"column":93}},"13":{"start":{"line":31,"column":13},"end":{"line":35,"column":7}},"14":{"start":{"line":32,"column":8},"end":{"line":32,"column":66}},"15":{"start":{"line":34,"column":8},"end":{"line":34,"column":51}},"16":{"start":{"line":36,"column":6},"end":{"line":36,"column":35}},"17":{"start":{"line":41,"column":2},"end":{"line":45,"column":5}},"18":{"start":{"line":42,"column":18},"end":{"line":42,"column":47}},"19":{"start":{"line":43,"column":4},"end":{"line":43,"column":64}},"20":{"start":{"line":43,"column":15},"end":{"line":43,"column":64}},"21":{"start":{"line":44,"column":4},"end":{"line":44,"column":18}},"22":{"start":{"line":48,"column":0},"end":{"line":48,"column":19}}},"fnMap":{"0":{"name":"(anonymous_1)","decl":{"start":{"line":12,"column":4},"end":{"line":12,"column":10}},"loc":{"start":{"line":12,"column":13},"end":{"line":15,"column":5}}},"1":{"name":"(anonymous_2)","decl":{"start":{"line":16,"column":4},"end":{"line":16,"column":9}},"loc":{"start":{"line":16,"column":12},"end":{"line":19,"column":5}}},"2":{"name":"(anonymous_3)","decl":{"start":{"line":24,"column":4},"end":{"line":24,"column":12}},"loc":{"start":{"line":24,"column":15},"end":{"line":27,"column":5}}},"3":{"name":"(anonymous_4)","decl":{"start":{"line":28,"column":4},"end":{"line":28,"column":9}},"loc":{"start":{"line":28,"column":12},"end":{"line":37,"column":5}}},"4":{"name":"(anonymous_5)","decl":{"start":{"line":41,"column":31},"end":{"line":41,"column":37}},"loc":{"start":{"line":41,"column":40},"end":{"line":45,"column":3}}}},"branchMap":{"0":{"loc":{"start":{"line":9,"column":0},"end":{"line":46,"column":1}},"type":"if","locations":[{"start":{"line":9,"column":0},"end":{"line":46,"column":1}}]},"1":{"loc":{"start":{"line":13,"column":34},"end":{"line":13,"column":62}},"type":"cond-expr","locations":[{"start":{"line":13,"column":47},"end":{"line":13,"column":49}},{"start":{"line":13,"column":47},"end":{"line":13,"column":62}}]},"2":{"loc":{"start":{"line":13,"column":34},"end":{"line":13,"column":49}},"type":"binary-expr","locations":[{"start":{"line":13,"column":34},"end":{"line":13,"column":49}},{"start":{"line":13,"column":47},"end":{"line":13,"column":49}}]},"3":{"loc":{"start":{"line":25,"column":43},"end":{"line":25,"column":80}},"type":"cond-expr","locations":[{"start":{"line":25,"column":65},"end":{"line":25,"column":67}},{"start":{"line":25,"column":65},"end":{"line":25,"column":80}}]},"4":{"loc":{"start":{"line":25,"column":43},"end":{"line":25,"column":67}},"type":"binary-expr","locations":[{"start":{"line":25,"column":43},"end":{"line":25,"column":67}},{"start":{"line":25,"column":65},"end":{"line":25,"column":67}}]},"5":{"loc":{"start":{"line":29,"column":6},"end":{"line":35,"column":7}},"type":"if","locations":[{"start":{"line":29,"column":6},"end":{"line":35,"column":7}},{"start":{"line":31,"column":13},"end":{"line":35,"column":7}}]},"6":{"loc":{"start":{"line":31,"column":13},"end":{"line":35,"column":7}},"type":"if","locations":[{"start":{"line":31,"column":13},"end":{"line":35,"column":7}},{"start":{"line":33,"column":13},"end":{"line":35,"column":7}}]},"7":{"loc":{"start":{"line":43,"column":4},"end":{"line":43,"column":64}},"type":"if","locations":[{"start":{"line":43,"column":4},"end":{"line":43,"column":64}}]}},"s":{"0":5,"1":5,"2":5,"3":0,"4":0,"5":0,"6":0,"7":0,"8":0,"9":0,"10":0,"11":0,"12":0,"13":0,"14":0,"15":0,"16":0,"17":0,"18":0,"19":0,"20":0,"21":0,"22":5},"f":{"0":0,"1":0,"2":0,"3":0,"4":0},"b":{"0":[0],"1":[0,0],"2":[0,0],"3":[0,0],"4":[0,0],"5":[0,0],"6":[0,0],"7":[0]}}
,"C:\\Users\\user\\Desktop\\Desk t\\Full stack\\phase 4 final\\task-manager-app\\client\\src\\utils\\dateUtils.ts": {"path":"C:\\Users\\user\\Desktop\\Desk t\\Full stack\\phase 4 final\\task-manager-app\\client\\src\\utils\\dateUtils.ts","statementMap":{"0":{"start":{"line":2,"column":0},"end":{"line":2,"column":16}},"1":{"start":{"line":3,"column":2},"end":{"line":3,"column":37}}},"fnMap":{"0":{"name":"isFutureDate","decl":{"start":{"line":2,"column":16},"end":{"line":2,"column":28}},"loc":{"start":{"line":2,"column":39},"end":{"line":4,"column":1}}}},"branchMap":{},"s":{"0":1,"1":2},"f":{"0":2},"b":{}}
}
