TN:
SF:src\App.tsx
FN:26,App
FN:38,(anonymous_9)
FN:46,(anonymous_10)
FN:47,(anonymous_11)
FN:58,(anonymous_12)
FN:65,(anonymous_13)
FN:66,(anonymous_14)
FN:66,(anonymous_15)
FN:101,(anonymous_16)
FN:105,(anonymous_17)
FN:125,(anonymous_18)
FN:125,(anonymous_19)
FN:147,(anonymous_20)
FN:157,(anonymous_21)
FN:157,(anonymous_22)
FN:159,(anonymous_23)
FN:166,(anonymous_24)
FN:166,(anonymous_25)
FN:174,(anonymous_26)
FN:174,(anonymous_27)
FN:177,(anonymous_28)
FN:177,(anonymous_29)
FN:182,(anonymous_30)
FN:187,(anonymous_31)
FN:193,(anonymous_32)
FN:193,(anonymous_33)
FN:200,(anonymous_34)
FN:208,(anonymous_35)
FNF:28
FNH:10
FNDA:10,App
FNDA:5,(anonymous_9)
FNDA:0,(anonymous_10)
FNDA:0,(anonymous_11)
FNDA:5,(anonymous_12)
FNDA:5,(anonymous_13)
FNDA:5,(anonymous_14)
FNDA:5,(anonymous_15)
FNDA:2,(anonymous_16)
FNDA:2,(anonymous_17)
FNDA:0,(anonymous_18)
FNDA:0,(anonymous_19)
FNDA:0,(anonymous_20)
FNDA:0,(anonymous_21)
FNDA:0,(anonymous_22)
FNDA:0,(anonymous_23)
FNDA:0,(anonymous_24)
FNDA:0,(anonymous_25)
FNDA:0,(anonymous_26)
FNDA:0,(anonymous_27)
FNDA:0,(anonymous_28)
FNDA:0,(anonymous_29)
FNDA:0,(anonymous_30)
FNDA:0,(anonymous_31)
FNDA:0,(anonymous_32)
FNDA:0,(anonymous_33)
FNDA:1,(anonymous_34)
FNDA:2,(anonymous_35)
DA:1,2
DA:2,2
DA:3,2
DA:4,2
DA:7,2
DA:8,2
DA:9,2
DA:10,2
DA:11,2
DA:12,2
DA:13,2
DA:17,2
DA:27,10
DA:28,10
DA:29,10
DA:30,10
DA:31,10
DA:32,10
DA:38,10
DA:39,5
DA:40,5
DA:41,3
DA:45,5
DA:46,0
DA:48,0
DA:50,0
DA:51,0
DA:52,0
DA:54,0
DA:58,5
DA:60,5
DA:65,10
DA:66,5
DA:67,5
DA:68,5
DA:69,5
DA:71,5
DA:72,2
DA:73,2
DA:74,2
DA:78,3
DA:80,3
DA:82,2
DA:83,2
DA:86,2
DA:88,0
DA:89,0
DA:90,0
DA:91,0
DA:93,4
DA:97,5
DA:101,10
DA:105,2
DA:106,2
DA:107,2
DA:109,2
DA:110,2
DA:117,2
DA:118,2
DA:119,2
DA:121,0
DA:125,10
DA:126,0
DA:127,0
DA:128,0
DA:129,0
DA:130,0
DA:133,0
DA:135,0
DA:146,0
DA:147,0
DA:149,0
DA:150,0
DA:151,0
DA:152,0
DA:157,10
DA:158,0
DA:159,0
DA:160,0
DA:162,0
DA:166,0
DA:167,0
DA:170,0
DA:174,10
DA:175,0
DA:176,0
DA:177,0
DA:179,0
DA:182,10
DA:183,0
DA:184,0
DA:187,10
DA:188,0
DA:193,10
DA:194,0
DA:195,0
DA:196,0
DA:200,10
DA:201,1
DA:202,1
DA:203,1
DA:204,1
DA:208,10
DA:209,2
DA:211,2
DA:212,0
DA:213,0
DA:214,0
DA:215,0
DA:218,0
DA:222,10
DA:223,5
DA:226,5
DA:313,2
LF:114
LH:68
BRDA:40,0,0,3
BRDA:48,1,0,0
BRDA:48,2,0,0
BRDA:48,2,1,0
BRDA:48,3,0,0
BRDA:48,3,1,0
BRDA:71,4,0,2
BRDA:102,5,0,2
BRDA:103,6,0,2
BRDA:104,7,0,2
BRDA:107,8,0,0
BRDA:128,9,0,0
BRDA:128,10,0,0
BRDA:128,10,1,0
BRDA:150,11,0,0
BRDA:160,12,0,0
BRDA:167,13,0,0
BRDA:167,13,1,0
BRDA:209,14,0,0
BRDA:211,15,0,2
BRDA:212,16,0,0
BRDA:213,17,0,0
BRDA:215,18,0,0
BRDA:222,19,0,5
BRDA:235,20,0,5
BRDA:235,20,1,0
BRDA:235,21,0,3
BRDA:235,21,1,2
BRDA:235,22,0,5
BRDA:235,22,1,2
BRDA:239,23,0,3
BRDA:239,23,1,2
BRDA:293,24,0,2
BRDA:293,24,1,3
BRDA:298,25,0,2
BRDA:298,25,1,3
BRDA:303,26,0,3
BRDA:303,26,1,2
BRDA:303,27,0,5
BRDA:303,27,1,2
BRF:40
BRH:22
end_of_record
TN:
SF:src\components\Login.tsx
FN:18,(anonymous_8)
FN:26,(anonymous_9)
FN:26,(anonymous_10)
FN:63,(anonymous_11)
FN:73,(anonymous_12)
FNF:5
FNH:5
FNDA:27,(anonymous_8)
FNDA:4,(anonymous_9)
FNDA:4,(anonymous_10)
FNDA:5,(anonymous_11)
FNDA:5,(anonymous_12)
DA:1,4
DA:2,4
DA:3,4
DA:18,4
DA:19,27
DA:20,27
DA:21,27
DA:22,27
DA:24,27
DA:26,27
DA:27,4
DA:28,4
DA:29,4
DA:31,4
DA:32,4
DA:37,2
DA:40,2
DA:43,2
DA:45,2
DA:46,2
DA:48,4
DA:52,27
DA:63,5
DA:73,5
DA:85,4
LF:25
LH:25
BRDA:46,0,0,2
BRDA:46,0,1,0
BRDA:46,1,0,0
BRDA:46,1,1,2
BRDA:46,2,0,2
BRDA:46,2,1,2
BRDA:46,3,0,0
BRDA:46,3,1,2
BRDA:46,4,0,2
BRDA:46,4,1,2
BRDA:55,5,0,27
BRDA:55,5,1,2
BRDA:78,6,0,4
BRDA:78,6,1,23
BRF:14
BRH:11
end_of_record
TN:
SF:src\components\Pagination.tsx
FN:9,(anonymous_0)
FN:14,(anonymous_1)
FN:26,(anonymous_2)
FNF:3
FNH:1
FNDA:14,(anonymous_0)
FNDA:0,(anonymous_1)
FNDA:0,(anonymous_2)
DA:9,4
DA:10,14
DA:14,0
DA:26,0
DA:35,4
LF:5
LH:3
BRF:0
BRH:0
end_of_record
TN:
SF:src\components\ProtectedRoute.tsx
FN:12,(anonymous_0)
FNF:1
FNH:1
FNDA:6,(anonymous_0)
DA:2,3
DA:12,3
DA:18,6
DA:19,3
DA:22,3
DA:23,0
DA:26,3
DA:29,3
LF:8
LH:7
BRDA:18,0,0,3
BRDA:22,1,0,0
BRDA:22,2,0,3
BRDA:22,2,1,0
BRF:4
BRH:2
end_of_record
TN:
SF:src\components\Register.tsx
FN:5,(anonymous_8)
FN:12,(anonymous_9)
FN:12,(anonymous_10)
FN:33,(anonymous_11)
FN:40,(anonymous_12)
FN:47,(anonymous_13)
FNF:6
FNH:6
FNDA:9,(anonymous_8)
FNDA:2,(anonymous_9)
FNDA:2,(anonymous_10)
FNDA:2,(anonymous_11)
FNDA:2,(anonymous_12)
FNDA:2,(anonymous_13)
DA:1,3
DA:2,3
DA:3,3
DA:5,3
DA:6,9
DA:7,9
DA:8,9
DA:9,9
DA:10,9
DA:12,9
DA:13,2
DA:14,2
DA:15,2
DA:20,1
DA:22,1
DA:26,9
DA:33,2
DA:40,2
DA:47,2
DA:56,3
LF:20
LH:20
BRDA:22,0,0,1
BRDA:22,0,1,0
BRDA:22,1,0,0
BRDA:22,1,1,1
BRDA:22,2,0,1
BRDA:22,2,1,1
BRDA:22,3,0,0
BRDA:22,3,1,1
BRDA:22,4,0,1
BRDA:22,4,1,1
BRDA:29,5,0,9
BRDA:29,5,1,1
BRF:12
BRH:9
end_of_record
TN:
SF:src\components\SearchBar.tsx
FN:7,(anonymous_0)
FN:10,(anonymous_1)
FN:21,(anonymous_2)
FNF:3
FNH:1
FNDA:18,(anonymous_0)
FNDA:0,(anonymous_1)
FNDA:0,(anonymous_2)
DA:1,4
DA:7,4
DA:8,18
DA:10,18
DA:11,0
DA:12,0
DA:15,18
DA:21,0
DA:31,4
LF:9
LH:6
BRF:0
BRH:0
end_of_record
TN:
SF:src\components\TaskList.tsx
FN:11,(anonymous_0)
FN:18,(anonymous_1)
FN:21,(anonymous_2)
FN:22,(anonymous_3)
FNF:4
FNH:2
FNDA:2,(anonymous_0)
FNDA:1,(anonymous_1)
FNDA:0,(anonymous_2)
FNDA:0,(anonymous_3)
DA:11,2
DA:12,2
DA:19,1
DA:21,0
DA:22,0
DA:30,2
LF:6
LH:4
BRDA:14,0,0,0
BRDA:14,0,1,2
BRDA:20,1,0,0
BRDA:20,1,1,1
BRF:4
BRH:2
end_of_record
TN:
SF:src\components\TaskTable.tsx
FN:11,(anonymous_0)
FN:20,(anonymous_1)
FN:46,(anonymous_2)
FN:67,(anonymous_3)
FN:93,(anonymous_4)
FNF:5
FNH:4
FNDA:6,(anonymous_0)
FNDA:10,(anonymous_1)
FNDA:2,(anonymous_2)
FNDA:8,(anonymous_3)
FNDA:0,(anonymous_4)
DA:1,3
DA:11,3
DA:17,6
DA:20,6
DA:22,10
DA:27,10
DA:33,10
DA:36,6
DA:46,2
DA:68,8
DA:93,0
DA:116,3
LF:12
LH:11
BRDA:13,0,0,6
BRDA:22,1,0,10
BRDA:22,1,1,4
BRDA:22,1,2,2
BRDA:22,1,3,3
BRDA:22,1,4,2
BRDA:27,2,0,10
BRDA:27,2,1,0
BRDA:27,2,2,0
BRDA:27,2,3,0
BRDA:27,2,4,0
BRDA:33,3,0,10
BRDA:33,3,1,8
BRDA:66,4,0,5
BRDA:66,4,1,1
BRDA:74,5,0,4
BRDA:74,5,1,4
BRDA:83,6,0,8
BRDA:83,6,1,0
BRDA:83,7,0,8
BRDA:83,7,1,8
BRDA:83,7,2,8
BRDA:91,8,0,8
BRDA:91,8,1,0
BRF:24
BRH:18
end_of_record
TN:
SF:src\components\UserTable.tsx
FN:20,(anonymous_8)
FN:24,(anonymous_9)
FN:24,(anonymous_10)
FN:33,(anonymous_11)
FN:33,(anonymous_12)
FN:42,(anonymous_13)
FN:42,(anonymous_14)
FN:53,(anonymous_15)
FN:71,(anonymous_16)
FN:88,(anonymous_17)
FN:97,(anonymous_18)
FN:105,(anonymous_19)
FN:114,(anonymous_20)
FN:132,(anonymous_21)
FNF:14
FNH:13
FNDA:7,(anonymous_8)
FNDA:1,(anonymous_9)
FNDA:1,(anonymous_10)
FNDA:1,(anonymous_11)
FNDA:1,(anonymous_12)
FNDA:1,(anonymous_13)
FNDA:1,(anonymous_14)
FNDA:1,(anonymous_15)
FNDA:15,(anonymous_16)
FNDA:1,(anonymous_17)
FNDA:1,(anonymous_18)
FNDA:1,(anonymous_19)
FNDA:1,(anonymous_20)
FNDA:0,(anonymous_21)
DA:2,3
DA:3,3
DA:4,3
DA:20,3
DA:21,7
DA:22,7
DA:24,7
DA:25,1
DA:26,1
DA:27,1
DA:29,0
DA:33,7
DA:34,1
DA:35,1
DA:36,1
DA:38,0
DA:42,7
DA:43,1
DA:44,1
DA:45,1
DA:46,1
DA:48,0
DA:53,7
DA:54,1
DA:55,1
DA:58,7
DA:72,15
DA:88,1
DA:97,1
DA:105,1
DA:114,1
DA:132,0
DA:139,3
LF:33
LH:29
BRDA:43,0,0,1
BRDA:78,1,0,8
BRDA:78,1,1,7
BRDA:95,2,0,8
BRDA:95,2,1,7
BRDA:127,3,0,7
BRDA:127,3,1,1
BRF:7
BRH:7
end_of_record
TN:
SF:src\components\UserTasksModal.tsx
FN:13,(anonymous_8)
FN:24,(anonymous_9)
FN:30,(anonymous_10)
FN:30,(anonymous_11)
FN:58,(anonymous_12)
FN:92,(anonymous_13)
FN:117,(anonymous_14)
FNF:7
FNH:7
FNDA:10,(anonymous_8)
FNDA:5,(anonymous_9)
FNDA:4,(anonymous_10)
FNDA:4,(anonymous_11)
FNDA:4,(anonymous_12)
FNDA:1,(anonymous_13)
FNDA:3,(anonymous_14)
DA:2,3
DA:3,3
DA:13,3
DA:19,10
DA:20,10
DA:21,10
DA:22,10
DA:24,10
DA:25,5
DA:26,4
DA:30,10
DA:31,4
DA:32,4
DA:33,4
DA:36,4
DA:38,4
DA:39,3
DA:41,3
DA:43,1
DA:45,1
DA:46,0
DA:47,0
DA:49,1
DA:51,4
DA:55,10
DA:58,9
DA:59,4
DA:60,1
DA:61,0
DA:62,0
DA:65,9
DA:92,1
DA:118,3
DA:150,3
LF:34
LH:30
BRDA:25,0,0,4
BRDA:25,1,0,5
BRDA:25,1,1,4
BRDA:45,2,0,0
BRDA:55,3,0,1
BRDA:59,4,0,3
BRDA:60,5,0,1
BRDA:61,6,0,0
BRDA:101,7,0,4
BRDA:101,7,1,5
BRDA:103,8,0,1
BRDA:103,8,1,4
BRDA:116,9,0,3
BRDA:116,9,1,1
BRDA:123,10,0,0
BRDA:123,10,1,3
BRF:16
BRH:13
end_of_record
TN:
SF:src\context\AuthContext.tsx
FN:26,(anonymous_8)
FN:31,(anonymous_9)
FN:32,(anonymous_10)
FN:32,(anonymous_11)
FN:59,(anonymous_12)
FN:82,(anonymous_13)
FNF:6
FNH:6
FNDA:9,(anonymous_8)
FNDA:4,(anonymous_9)
FNDA:4,(anonymous_10)
FNDA:4,(anonymous_11)
FNDA:1,(anonymous_12)
FNDA:9,(anonymous_13)
DA:2,3
DA:3,3
DA:23,3
DA:26,3
DA:27,9
DA:28,9
DA:31,9
DA:32,4
DA:33,4
DA:35,4
DA:36,3
DA:38,3
DA:41,3
DA:44,2
DA:46,1
DA:48,1
DA:49,1
DA:52,4
DA:55,4
DA:59,9
DA:60,1
DA:62,1
DA:63,1
DA:66,9
DA:82,3
DA:83,9
DA:84,9
DA:85,0
DA:87,9
LF:29
LH:28
BRDA:35,0,0,3
BRDA:84,1,0,0
BRF:2
BRH:1
end_of_record
TN:
SF:src\pages\ActiveTasksPage.tsx
FN:12,(anonymous_0)
FN:13,(anonymous_1)
FN:22,(anonymous_2)
FN:27,(anonymous_3)
FN:34,(anonymous_4)
FNF:5
FNH:5
FNDA:4,(anonymous_0)
FNDA:6,(anonymous_1)
FNDA:6,(anonymous_2)
FNDA:1,(anonymous_3)
FNDA:1,(anonymous_4)
DA:12,3
DA:13,6
DA:15,4
DA:23,6
DA:27,1
DA:34,1
DA:49,3
LF:7
LH:7
BRDA:18,0,0,1
BRDA:18,0,1,3
BRDA:32,1,0,6
BRDA:32,1,1,2
BRF:4
BRH:4
end_of_record
TN:
SF:src\pages\AdminDashboard.tsx
FN:8,(anonymous_8)
FN:21,(anonymous_9)
FN:26,(anonymous_10)
FN:26,(anonymous_11)
FN:35,(anonymous_12)
FN:35,(anonymous_13)
FN:52,(anonymous_14)
FN:56,(anonymous_15)
FN:73,(anonymous_16)
FN:91,(anonymous_17)
FN:97,(anonymous_18)
FN:116,(anonymous_19)
FN:133,(anonymous_20)
FN:137,(anonymous_21)
FN:140,(anonymous_22)
FN:157,(anonymous_23)
FN:162,(anonymous_24)
FN:166,(anonymous_25)
FN:166,(anonymous_26)
FN:176,(anonymous_27)
FNF:20
FNH:10
FNDA:25,(anonymous_8)
FNDA:0,(anonymous_9)
FNDA:8,(anonymous_10)
FNDA:8,(anonymous_11)
FNDA:6,(anonymous_12)
FNDA:6,(anonymous_13)
FNDA:8,(anonymous_14)
FNDA:13,(anonymous_15)
FNDA:6,(anonymous_16)
FNDA:0,(anonymous_17)
FNDA:5,(anonymous_18)
FNDA:0,(anonymous_19)
FNDA:0,(anonymous_20)
FNDA:5,(anonymous_21)
FNDA:0,(anonymous_22)
FNDA:0,(anonymous_23)
FNDA:0,(anonymous_24)
FNDA:0,(anonymous_25)
FNDA:0,(anonymous_26)
FNDA:0,(anonymous_27)
DA:1,3
DA:2,3
DA:3,3
DA:4,3
DA:5,3
DA:8,3
DA:9,25
DA:10,25
DA:11,25
DA:12,25
DA:13,25
DA:14,25
DA:16,25
DA:17,25
DA:18,25
DA:19,25
DA:21,25
DA:23,0
DA:26,25
DA:27,8
DA:28,8
DA:29,8
DA:31,0
DA:35,25
DA:36,6
DA:37,6
DA:38,6
DA:39,6
DA:40,5
DA:42,1
DA:43,1
DA:44,1
DA:46,1
DA:48,6
DA:52,25
DA:53,8
DA:56,25
DA:57,13
DA:58,5
DA:62,25
DA:64,24
DA:65,1
DA:73,23
DA:74,6
DA:78,23
DA:83,23
DA:91,0
DA:97,5
DA:116,0
DA:133,0
DA:138,5
DA:140,0
DA:157,0
DA:162,0
DA:166,0
DA:167,0
DA:168,0
DA:169,0
DA:176,0
DA:189,3
LF:60
LH:47
BRDA:43,0,0,1
BRDA:57,1,0,5
BRDA:62,2,0,1
BRDA:64,3,0,1
BRDA:64,4,0,24
BRDA:64,4,1,24
BRDA:74,5,0,6
BRDA:74,5,1,0
BRDA:90,6,0,6
BRDA:90,6,1,17
BRDA:96,7,0,17
BRDA:96,7,1,6
BRDA:105,8,0,6
BRDA:105,8,1,17
BRDA:127,9,0,11
BRDA:127,9,1,6
BRDA:129,10,0,1
BRDA:129,10,1,5
BRDA:141,11,0,5
BRDA:141,11,1,0
BRDA:151,12,0,17
BRDA:151,12,1,0
BRF:22
BRH:19
end_of_record
TN:
SF:src\pages\CompletedTasksPage.tsx
FN:10,(anonymous_0)
FN:11,(anonymous_1)
FN:20,(anonymous_2)
FN:25,(anonymous_3)
FN:31,(anonymous_4)
FNF:5
FNH:5
FNDA:4,(anonymous_0)
FNDA:6,(anonymous_1)
FNDA:6,(anonymous_2)
FNDA:1,(anonymous_3)
FNDA:1,(anonymous_4)
DA:10,3
DA:11,6
DA:13,4
DA:21,6
DA:25,1
DA:31,1
DA:45,3
LF:7
LH:7
BRDA:16,0,0,1
BRDA:16,0,1,3
BRDA:25,1,0,1
BRDA:25,1,1,1
BRF:4
BRH:4
end_of_record
TN:
SF:src\pages\TaskPage.tsx
FN:18,(anonymous_8)
FN:32,(anonymous_9)
FN:32,(anonymous_10)
FN:48,(anonymous_11)
FN:53,(anonymous_12)
FN:54,(anonymous_13)
FN:61,(anonymous_14)
FN:66,(anonymous_15)
FN:86,(anonymous_16)
FN:97,(anonymous_17)
FN:116,(anonymous_18)
FN:122,(anonymous_19)
FN:129,(anonymous_20)
FNF:13
FNH:12
FNDA:18,(anonymous_8)
FNDA:2,(anonymous_9)
FNDA:2,(anonymous_10)
FNDA:0,(anonymous_11)
FNDA:9,(anonymous_12)
FNDA:12,(anonymous_13)
FNDA:9,(anonymous_14)
FNDA:13,(anonymous_15)
FNDA:2,(anonymous_16)
FNDA:2,(anonymous_17)
FNDA:28,(anonymous_18)
FNDA:1,(anonymous_19)
FNDA:1,(anonymous_20)
DA:1,4
DA:2,4
DA:3,4
DA:18,4
DA:24,18
DA:25,18
DA:26,18
DA:27,18
DA:28,18
DA:29,18
DA:30,18
DA:32,18
DA:33,2
DA:34,2
DA:35,2
DA:36,2
DA:37,2
DA:38,1
DA:39,1
DA:40,1
DA:42,1
DA:44,2
DA:48,18
DA:49,0
DA:50,0
DA:53,18
DA:54,9
DA:55,12
DA:59,18
DA:61,18
DA:62,9
DA:63,9
DA:66,18
DA:69,13
DA:70,3
DA:76,18
DA:86,2
DA:97,2
DA:117,28
DA:122,1
DA:129,1
DA:150,4
LF:42
LH:40
BRDA:34,0,0,0
BRDA:69,1,0,3
BRDA:69,2,0,13
BRDA:69,2,1,11
BRDA:102,3,0,2
BRDA:102,3,1,16
BRDA:106,4,0,18
BRDA:106,4,1,2
BRDA:111,5,0,4
BRDA:111,5,1,14
BRDA:117,6,0,14
BRDA:117,6,1,14
BRDA:123,7,0,14
BRDA:123,7,1,14
BRDA:125,8,0,14
BRDA:125,8,1,14
BRF:16
BRH:15
end_of_record
TN:
SF:src\utils\api.ts
FN:12,(anonymous_1)
FN:16,(anonymous_2)
FN:24,(anonymous_3)
FN:28,(anonymous_4)
FN:41,(anonymous_5)
FNF:5
FNH:0
FNDA:0,(anonymous_1)
FNDA:0,(anonymous_2)
FNDA:0,(anonymous_3)
FNDA:0,(anonymous_4)
FNDA:0,(anonymous_5)
DA:2,5
DA:4,5
DA:9,5
DA:11,0
DA:13,0
DA:14,0
DA:17,0
DA:18,0
DA:23,0
DA:25,0
DA:26,0
DA:29,0
DA:30,0
DA:31,0
DA:32,0
DA:34,0
DA:36,0
DA:41,0
DA:42,0
DA:43,0
DA:44,0
DA:48,5
LF:22
LH:4
BRDA:9,0,0,0
BRDA:13,1,0,0
BRDA:13,1,1,0
BRDA:13,2,0,0
BRDA:13,2,1,0
BRDA:25,3,0,0
BRDA:25,3,1,0
BRDA:25,4,0,0
BRDA:25,4,1,0
BRDA:29,5,0,0
BRDA:29,5,1,0
BRDA:31,6,0,0
BRDA:31,6,1,0
BRDA:43,7,0,0
BRF:14
BRH:0
end_of_record
TN:
SF:src\utils\dateUtils.ts
FN:2,isFutureDate
FNF:1
FNH:1
FNDA:2,isFutureDate
DA:2,1
DA:3,2
LF:2
LH:2
BRF:0
BRH:0
end_of_record
